{"/Users/dustinober/Projects/strength/apps/mobile/lib/calculations.ts": {"path":"/Users/dustinober/Projects/strength/apps/mobile/lib/calculations.ts","statementMap":{"0":{"start":{"line":9,"column":0},"end":{"line":9,"column":16}},"1":{"start":{"line":20,"column":0},"end":{"line":20,"column":16}},"2":{"start":{"line":31,"column":0},"end":{"line":31,"column":16}},"3":{"start":{"line":40,"column":0},"end":{"line":40,"column":16}},"4":{"start":{"line":1,"column":0},"end":{"line":1,"column":45}},"5":{"start":{"line":10,"column":20},"end":{"line":10,"column":42}},"6":{"start":{"line":11,"column":2},"end":{"line":11,"column":39}},"7":{"start":{"line":21,"column":2},"end":{"line":21,"column":30}},"8":{"start":{"line":32,"column":2},"end":{"line":32,"column":30}},"9":{"start":{"line":41,"column":2},"end":{"line":41,"column":39}},"10":{"start":{"line":41,"column":26},"end":{"line":41,"column":39}},"11":{"start":{"line":43,"column":20},"end":{"line":43,"column":37}},"12":{"start":{"line":44,"column":20},"end":{"line":44,"column":42}},"13":{"start":{"line":45,"column":20},"end":{"line":45,"column":42}},"14":{"start":{"line":48,"column":2},"end":{"line":48,"column":35}}},"fnMap":{"0":{"name":"calculateTargetWeight","decl":{"start":{"line":9,"column":16},"end":{"line":9,"column":37}},"loc":{"start":{"line":9,"column":75},"end":{"line":12,"column":1}}},"1":{"name":"isPersonalRecord","decl":{"start":{"line":20,"column":16},"end":{"line":20,"column":32}},"loc":{"start":{"line":20,"column":68},"end":{"line":22,"column":1}}},"2":{"name":"calculateVolumeLoad","decl":{"start":{"line":31,"column":16},"end":{"line":31,"column":35}},"loc":{"start":{"line":31,"column":78},"end":{"line":33,"column":1}}},"3":{"name":"detectPlateau","decl":{"start":{"line":40,"column":16},"end":{"line":40,"column":29}},"loc":{"start":{"line":40,"column":47},"end":{"line":49,"column":1}}}},"branchMap":{"0":{"loc":{"start":{"line":41,"column":2},"end":{"line":41,"column":39}},"type":"if","locations":[{"start":{"line":41,"column":2},"end":{"line":41,"column":39}},{"start":{},"end":{}}]}},"s":{"0":1,"1":1,"2":1,"3":1,"4":1,"5":3,"6":3,"7":3,"8":1,"9":5,"10":2,"11":3,"12":3,"13":3,"14":3},"f":{"0":3,"1":3,"2":1,"3":5},"b":{"0":[2,3]}}
,"/Users/dustinober/Projects/strength/apps/mobile/lib/utils.ts": {"path":"/Users/dustinober/Projects/strength/apps/mobile/lib/utils.ts","statementMap":{"0":{"start":{"line":4,"column":0},"end":{"line":4,"column":16}},"1":{"start":{"line":8,"column":0},"end":{"line":8,"column":16}},"2":{"start":{"line":15,"column":0},"end":{"line":15,"column":16}},"3":{"start":{"line":1,"column":0},"end":{"line":1,"column":45}},"4":{"start":{"line":2,"column":0},"end":{"line":2,"column":41}},"5":{"start":{"line":5,"column":2},"end":{"line":5,"column":31}},"6":{"start":{"line":11,"column":2},"end":{"line":11,"column":29}},"7":{"start":{"line":11,"column":20},"end":{"line":11,"column":29}},"8":{"start":{"line":12,"column":2},"end":{"line":12,"column":35}},"9":{"start":{"line":16,"column":2},"end":{"line":16,"column":29}}},"fnMap":{"0":{"name":"cn","decl":{"start":{"line":4,"column":16},"end":{"line":4,"column":18}},"loc":{"start":{"line":4,"column":42},"end":{"line":6,"column":1}}},"1":{"name":"roundToNearestFive","decl":{"start":{"line":8,"column":16},"end":{"line":8,"column":34}},"loc":{"start":{"line":8,"column":48},"end":{"line":13,"column":1}}},"2":{"name":"generateId","decl":{"start":{"line":15,"column":16},"end":{"line":15,"column":26}},"loc":{"start":{"line":15,"column":26},"end":{"line":17,"column":1}}}},"branchMap":{"0":{"loc":{"start":{"line":11,"column":2},"end":{"line":11,"column":29}},"type":"if","locations":[{"start":{"line":11,"column":2},"end":{"line":11,"column":29}},{"start":{},"end":{}}]}},"s":{"0":4,"1":4,"2":4,"3":4,"4":4,"5":3,"6":9,"7":2,"8":7,"9":20},"f":{"0":3,"1":9,"2":20},"b":{"0":[2,7]}}
,"/Users/dustinober/Projects/strength/apps/mobile/lib/storage/async-storage.ts": {"path":"/Users/dustinober/Projects/strength/apps/mobile/lib/storage/async-storage.ts","statementMap":{"0":{"start":{"line":20,"column":0},"end":{"line":20,"column":7}},"1":{"start":{"line":30,"column":0},"end":{"line":30,"column":7}},"2":{"start":{"line":39,"column":0},"end":{"line":39,"column":7}},"3":{"start":{"line":48,"column":0},"end":{"line":48,"column":7}},"4":{"start":{"line":1,"column":0},"end":{"line":1,"column":69}},"5":{"start":{"line":3,"column":13},"end":{"line":9,"column":11}},"6":{"start":{"line":14,"column":2},"end":{"line":16,"column":3}},"7":{"start":{"line":15,"column":4},"end":{"line":15,"column":27}},"8":{"start":{"line":17,"column":2},"end":{"line":17,"column":15}},"9":{"start":{"line":21,"column":2},"end":{"line":27,"column":3}},"10":{"start":{"line":22,"column":17},"end":{"line":22,"column":48}},"11":{"start":{"line":23,"column":4},"end":{"line":23,"column":55}},"12":{"start":{"line":25,"column":4},"end":{"line":25,"column":55}},"13":{"start":{"line":26,"column":4},"end":{"line":26,"column":16}},"14":{"start":{"line":31,"column":2},"end":{"line":36,"column":3}},"15":{"start":{"line":32,"column":4},"end":{"line":32,"column":59}},"16":{"start":{"line":34,"column":4},"end":{"line":34,"column":55}},"17":{"start":{"line":35,"column":4},"end":{"line":35,"column":16}},"18":{"start":{"line":40,"column":2},"end":{"line":45,"column":3}},"19":{"start":{"line":41,"column":4},"end":{"line":41,"column":39}},"20":{"start":{"line":43,"column":4},"end":{"line":43,"column":56}},"21":{"start":{"line":44,"column":4},"end":{"line":44,"column":16}},"22":{"start":{"line":49,"column":2},"end":{"line":54,"column":3}},"23":{"start":{"line":50,"column":4},"end":{"line":50,"column":31}},"24":{"start":{"line":52,"column":4},"end":{"line":52,"column":52}},"25":{"start":{"line":53,"column":4},"end":{"line":53,"column":16}}},"fnMap":{"0":{"name":"dateReviver","decl":{"start":{"line":12,"column":9},"end":{"line":12,"column":20}},"loc":{"start":{"line":12,"column":44},"end":{"line":18,"column":1}}},"1":{"name":"getItem","decl":{"start":{"line":20,"column":22},"end":{"line":20,"column":29}},"loc":{"start":{"line":20,"column":44},"end":{"line":28,"column":1}}},"2":{"name":"setItem","decl":{"start":{"line":30,"column":22},"end":{"line":30,"column":29}},"loc":{"start":{"line":30,"column":54},"end":{"line":37,"column":1}}},"3":{"name":"removeItem","decl":{"start":{"line":39,"column":22},"end":{"line":39,"column":32}},"loc":{"start":{"line":39,"column":44},"end":{"line":46,"column":1}}},"4":{"name":"clear","decl":{"start":{"line":48,"column":22},"end":{"line":48,"column":27}},"loc":{"start":{"line":48,"column":27},"end":{"line":55,"column":1}}}},"branchMap":{"0":{"loc":{"start":{"line":14,"column":2},"end":{"line":16,"column":3}},"type":"if","locations":[{"start":{"line":14,"column":2},"end":{"line":16,"column":3}},{"start":{},"end":{}}]},"1":{"loc":{"start":{"line":14,"column":6},"end":{"line":14,"column":85}},"type":"binary-expr","locations":[{"start":{"line":14,"column":6},"end":{"line":14,"column":31}},{"start":{"line":14,"column":35},"end":{"line":14,"column":85}}]},"2":{"loc":{"start":{"line":23,"column":11},"end":{"line":23,"column":54}},"type":"cond-expr","locations":[{"start":{"line":23,"column":18},"end":{"line":23,"column":47}},{"start":{"line":23,"column":50},"end":{"line":23,"column":54}}]}},"s":{"0":2,"1":2,"2":2,"3":2,"4":2,"5":2,"6":290,"7":40,"8":250,"9":41,"10":41,"11":41,"12":0,"13":0,"14":38,"15":38,"16":0,"17":0,"18":0,"19":0,"20":0,"21":0,"22":19,"23":19,"24":0,"25":0},"f":{"0":290,"1":41,"2":38,"3":0,"4":19},"b":{"0":[40,250],"1":[290,198],"2":[28,13]}}
,"/Users/dustinober/Projects/strength/apps/mobile/lib/storage/database.ts": {"path":"/Users/dustinober/Projects/strength/apps/mobile/lib/storage/database.ts","statementMap":{"0":{"start":{"line":6,"column":0},"end":{"line":6,"column":7}},"1":{"start":{"line":16,"column":0},"end":{"line":16,"column":7}},"2":{"start":{"line":20,"column":0},"end":{"line":20,"column":7}},"3":{"start":{"line":28,"column":0},"end":{"line":28,"column":7}},"4":{"start":{"line":34,"column":0},"end":{"line":34,"column":7}},"5":{"start":{"line":43,"column":0},"end":{"line":43,"column":7}},"6":{"start":{"line":56,"column":0},"end":{"line":56,"column":7}},"7":{"start":{"line":1,"column":0},"end":{"line":1,"column":65}},"8":{"start":{"line":2,"column":0},"end":{"line":2,"column":38}},"9":{"start":{"line":7,"column":21},"end":{"line":11,"column":4}},"10":{"start":{"line":12,"column":2},"end":{"line":12,"column":41}},"11":{"start":{"line":13,"column":2},"end":{"line":13,"column":14}},"12":{"start":{"line":17,"column":2},"end":{"line":17,"column":42}},"13":{"start":{"line":21,"column":15},"end":{"line":21,"column":30}},"14":{"start":{"line":22,"column":2},"end":{"line":24,"column":3}},"15":{"start":{"line":23,"column":4},"end":{"line":23,"column":62}},"16":{"start":{"line":29,"column":18},"end":{"line":29,"column":78}},"17":{"start":{"line":30,"column":2},"end":{"line":30,"column":26}},"18":{"start":{"line":31,"column":2},"end":{"line":31,"column":53}},"19":{"start":{"line":35,"column":18},"end":{"line":35,"column":78}},"20":{"start":{"line":36,"column":19},"end":{"line":38,"column":76}},"21":{"start":{"line":37,"column":19},"end":{"line":37,"column":73}},"22":{"start":{"line":38,"column":20},"end":{"line":38,"column":75}},"23":{"start":{"line":39,"column":2},"end":{"line":39,"column":21}},"24":{"start":{"line":44,"column":17},"end":{"line":44,"column":79}},"25":{"start":{"line":45,"column":24},"end":{"line":45,"column":64}},"26":{"start":{"line":45,"column":46},"end":{"line":45,"column":63}},"27":{"start":{"line":47,"column":2},"end":{"line":51,"column":3}},"28":{"start":{"line":48,"column":4},"end":{"line":48,"column":34}},"29":{"start":{"line":50,"column":4},"end":{"line":50,"column":23}},"30":{"start":{"line":53,"column":2},"end":{"line":53,"column":52}},"31":{"start":{"line":57,"column":17},"end":{"line":57,"column":79}},"32":{"start":{"line":58,"column":2},"end":{"line":58,"column":74}},"33":{"start":{"line":58,"column":28},"end":{"line":58,"column":72}}},"fnMap":{"0":{"name":"createUser","decl":{"start":{"line":6,"column":22},"end":{"line":6,"column":32}},"loc":{"start":{"line":6,"column":69},"end":{"line":14,"column":1}}},"1":{"name":"getUser","decl":{"start":{"line":16,"column":22},"end":{"line":16,"column":29}},"loc":{"start":{"line":16,"column":29},"end":{"line":18,"column":1}}},"2":{"name":"updateUser","decl":{"start":{"line":20,"column":22},"end":{"line":20,"column":32}},"loc":{"start":{"line":20,"column":67},"end":{"line":25,"column":1}}},"3":{"name":"saveOneRepMax","decl":{"start":{"line":28,"column":22},"end":{"line":28,"column":35}},"loc":{"start":{"line":28,"column":56},"end":{"line":32,"column":1}}},"4":{"name":"getLatest1RM","decl":{"start":{"line":34,"column":22},"end":{"line":34,"column":34}},"loc":{"start":{"line":34,"column":69},"end":{"line":40,"column":1}}},"5":{"name":"(anonymous_5)","decl":{"start":{"line":37,"column":12},"end":{"line":37,"column":15}},"loc":{"start":{"line":37,"column":19},"end":{"line":37,"column":73}}},"6":{"name":"(anonymous_6)","decl":{"start":{"line":38,"column":10},"end":{"line":38,"column":11}},"loc":{"start":{"line":38,"column":20},"end":{"line":38,"column":75}}},"7":{"name":"saveActiveCycle","decl":{"start":{"line":43,"column":22},"end":{"line":43,"column":37}},"loc":{"start":{"line":43,"column":56},"end":{"line":54,"column":1}}},"8":{"name":"(anonymous_8)","decl":{"start":{"line":45,"column":41},"end":{"line":45,"column":42}},"loc":{"start":{"line":45,"column":46},"end":{"line":45,"column":63}}},"9":{"name":"getActiveCycles","decl":{"start":{"line":56,"column":22},"end":{"line":56,"column":37}},"loc":{"start":{"line":56,"column":52},"end":{"line":59,"column":1}}},"10":{"name":"(anonymous_10)","decl":{"start":{"line":58,"column":23},"end":{"line":58,"column":24}},"loc":{"start":{"line":58,"column":28},"end":{"line":58,"column":72}}}},"branchMap":{"0":{"loc":{"start":{"line":22,"column":2},"end":{"line":24,"column":3}},"type":"if","locations":[{"start":{"line":22,"column":2},"end":{"line":24,"column":3}},{"start":{},"end":{}}]},"1":{"loc":{"start":{"line":22,"column":6},"end":{"line":22,"column":28}},"type":"binary-expr","locations":[{"start":{"line":22,"column":6},"end":{"line":22,"column":10}},{"start":{"line":22,"column":14},"end":{"line":22,"column":28}}]},"2":{"loc":{"start":{"line":29,"column":18},"end":{"line":29,"column":78}},"type":"binary-expr","locations":[{"start":{"line":29,"column":18},"end":{"line":29,"column":72}},{"start":{"line":29,"column":76},"end":{"line":29,"column":78}}]},"3":{"loc":{"start":{"line":35,"column":18},"end":{"line":35,"column":78}},"type":"binary-expr","locations":[{"start":{"line":35,"column":18},"end":{"line":35,"column":72}},{"start":{"line":35,"column":76},"end":{"line":35,"column":78}}]},"4":{"loc":{"start":{"line":37,"column":19},"end":{"line":37,"column":73}},"type":"binary-expr","locations":[{"start":{"line":37,"column":19},"end":{"line":37,"column":40}},{"start":{"line":37,"column":44},"end":{"line":37,"column":73}}]},"5":{"loc":{"start":{"line":44,"column":17},"end":{"line":44,"column":79}},"type":"binary-expr","locations":[{"start":{"line":44,"column":17},"end":{"line":44,"column":73}},{"start":{"line":44,"column":77},"end":{"line":44,"column":79}}]},"6":{"loc":{"start":{"line":47,"column":2},"end":{"line":51,"column":3}},"type":"if","locations":[{"start":{"line":47,"column":2},"end":{"line":51,"column":3}},{"start":{"line":49,"column":9},"end":{"line":51,"column":3}}]},"7":{"loc":{"start":{"line":57,"column":17},"end":{"line":57,"column":79}},"type":"binary-expr","locations":[{"start":{"line":57,"column":17},"end":{"line":57,"column":73}},{"start":{"line":57,"column":77},"end":{"line":57,"column":79}}]},"8":{"loc":{"start":{"line":58,"column":28},"end":{"line":58,"column":72}},"type":"binary-expr","locations":[{"start":{"line":58,"column":28},"end":{"line":58,"column":47}},{"start":{"line":58,"column":51},"end":{"line":58,"column":72}}]}},"s":{"0":2,"1":2,"2":2,"3":2,"4":2,"5":2,"6":2,"7":2,"8":2,"9":17,"10":17,"11":17,"12":10,"13":3,"14":3,"15":2,"16":9,"17":9,"18":9,"19":6,"20":6,"21":11,"22":4,"23":6,"24":10,"25":10,"26":6,"27":10,"28":1,"29":9,"30":10,"31":6,"32":6,"33":9},"f":{"0":17,"1":10,"2":3,"3":9,"4":6,"5":11,"6":4,"7":10,"8":6,"9":6,"10":9},"b":{"0":[2,1],"1":[3,3],"2":[9,4],"3":[6,1],"4":[11,10],"5":[10,5],"6":[1,9],"7":[6,1],"8":[9,8]}}
}
