TN:
SF:lib/calculations.ts
FN:9,calculateTargetWeight
FN:20,isPersonalRecord
FN:31,calculateVolumeLoad
FN:40,detectPlateau
FNF:4
FNH:4
FNDA:3,calculateTargetWeight
FNDA:3,isPersonalRecord
FNDA:1,calculateVolumeLoad
FNDA:5,detectPlateau
DA:1,1
DA:9,1
DA:10,3
DA:11,3
DA:20,1
DA:21,3
DA:31,1
DA:32,1
DA:40,1
DA:41,5
DA:43,3
DA:44,3
DA:45,3
DA:48,3
LF:14
LH:14
BRDA:41,0,0,2
BRDA:41,0,1,3
BRF:2
BRH:2
end_of_record
TN:
SF:lib/utils.ts
FN:4,cn
FN:8,roundToNearestFive
FN:15,generateId
FNF:3
FNH:3
FNDA:3,cn
FNDA:9,roundToNearestFive
FNDA:20,generateId
DA:1,4
DA:2,4
DA:4,4
DA:5,3
DA:8,4
DA:11,9
DA:12,7
DA:15,4
DA:16,20
LF:9
LH:9
BRDA:11,0,0,2
BRDA:11,0,1,7
BRF:2
BRH:2
end_of_record
TN:
SF:lib/storage/async-storage.ts
FN:12,dateReviver
FN:20,getItem
FN:30,setItem
FN:39,removeItem
FN:48,clear
FNF:5
FNH:4
FNDA:290,dateReviver
FNDA:41,getItem
FNDA:38,setItem
FNDA:0,removeItem
FNDA:19,clear
DA:1,2
DA:3,2
DA:14,290
DA:15,40
DA:17,250
DA:20,2
DA:21,41
DA:22,41
DA:23,41
DA:25,0
DA:26,0
DA:30,2
DA:31,38
DA:32,38
DA:34,0
DA:35,0
DA:39,2
DA:40,0
DA:41,0
DA:43,0
DA:44,0
DA:48,2
DA:49,19
DA:50,19
DA:52,0
DA:53,0
LF:26
LH:16
BRDA:14,0,0,40
BRDA:14,0,1,250
BRDA:14,1,0,290
BRDA:14,1,1,198
BRDA:23,2,0,28
BRDA:23,2,1,13
BRF:6
BRH:6
end_of_record
TN:
SF:lib/storage/database.ts
FN:6,createUser
FN:16,getUser
FN:20,updateUser
FN:28,saveOneRepMax
FN:34,getLatest1RM
FN:37,(anonymous_5)
FN:38,(anonymous_6)
FN:43,saveActiveCycle
FN:45,(anonymous_8)
FN:56,getActiveCycles
FN:58,(anonymous_10)
FNF:11
FNH:11
FNDA:17,createUser
FNDA:10,getUser
FNDA:3,updateUser
FNDA:9,saveOneRepMax
FNDA:6,getLatest1RM
FNDA:11,(anonymous_5)
FNDA:4,(anonymous_6)
FNDA:10,saveActiveCycle
FNDA:6,(anonymous_8)
FNDA:6,getActiveCycles
FNDA:9,(anonymous_10)
DA:1,2
DA:2,2
DA:6,2
DA:7,17
DA:12,17
DA:13,17
DA:16,2
DA:17,10
DA:20,2
DA:21,3
DA:22,3
DA:23,2
DA:28,2
DA:29,9
DA:30,9
DA:31,9
DA:34,2
DA:35,6
DA:36,6
DA:37,11
DA:38,4
DA:39,6
DA:43,2
DA:44,10
DA:45,10
DA:47,10
DA:48,1
DA:50,9
DA:53,10
DA:56,2
DA:57,6
DA:58,9
LF:32
LH:32
BRDA:22,0,0,2
BRDA:22,0,1,1
BRDA:22,1,0,3
BRDA:22,1,1,3
BRDA:29,2,0,9
BRDA:29,2,1,4
BRDA:35,3,0,6
BRDA:35,3,1,1
BRDA:37,4,0,11
BRDA:37,4,1,10
BRDA:44,5,0,10
BRDA:44,5,1,5
BRDA:47,6,0,1
BRDA:47,6,1,9
BRDA:57,7,0,6
BRDA:57,7,1,1
BRDA:58,8,0,9
BRDA:58,8,1,8
BRF:18
BRH:18
end_of_record
