<?xml version="1.0" encoding="UTF-8"?>
<coverage generated="1773525353108" clover="3.2.0">
  <project timestamp="1773525353108" name="All files">
    <metrics statements="28" coveredstatements="28" conditionals="33" coveredconditionals="33" methods="5" coveredmethods="5" elements="66" coveredelements="66" complexity="0" loc="28" ncloc="28" packages="1" files="1" classes="1"/>
    <file name="index.ts" path="/Users/dustinober/Projects/Sundee-Fundee/SundeeFundeeRN/src/domain/types/index.ts">
      <metrics statements="28" coveredstatements="28" conditionals="33" coveredconditionals="33" methods="5" coveredmethods="5"/>
      <line num="21" count="1" type="stmt"/>
      <line num="54" count="17" type="cond" truecount="17" falsecount="0"/>
      <line num="59" count="4" type="stmt"/>
      <line num="63" count="3" type="stmt"/>
      <line num="68" count="4" type="stmt"/>
      <line num="71" count="2" type="stmt"/>
      <line num="74" count="2" type="stmt"/>
      <line num="77" count="2" type="stmt"/>
      <line num="104" count="12" type="cond" truecount="12" falsecount="0"/>
      <line num="105" count="1" type="stmt"/>
      <line num="106" count="1" type="stmt"/>
      <line num="107" count="1" type="stmt"/>
      <line num="108" count="1" type="stmt"/>
      <line num="109" count="1" type="stmt"/>
      <line num="110" count="1" type="stmt"/>
      <line num="111" count="1" type="stmt"/>
      <line num="112" count="1" type="stmt"/>
      <line num="113" count="1" type="stmt"/>
      <line num="114" count="1" type="stmt"/>
      <line num="115" count="1" type="stmt"/>
      <line num="116" count="1" type="stmt"/>
      <line num="176" count="4" type="cond" truecount="4" falsecount="0"/>
      <line num="178" count="1" type="stmt"/>
      <line num="180" count="1" type="stmt"/>
      <line num="186" count="1" type="stmt"/>
      <line num="188" count="1" type="stmt"/>
      <line num="279" count="3" type="stmt"/>
      <line num="289" count="8" type="stmt"/>
    </file>
  </project>
</coverage>
