{"/Users/dustinober/Projects/Sundee-Fundee/SundeeFundeeRN/src/auth/AuthContext.tsx": {"path":"/Users/dustinober/Projects/Sundee-Fundee/SundeeFundeeRN/src/auth/AuthContext.tsx","statementMap":{"0":{"start":{"line":32,"column":23},"end":{"line":32,"column":58}},"1":{"start":{"line":47,"column":26},"end":{"line":47,"column":71}},"2":{"start":{"line":48,"column":36},"end":{"line":48,"column":50}},"3":{"start":{"line":50,"column":2},"end":{"line":60,"column":21}},"4":{"start":{"line":51,"column":24},"end":{"line":57,"column":6}},"5":{"start":{"line":52,"column":6},"end":{"line":52,"column":28}},"6":{"start":{"line":53,"column":6},"end":{"line":53,"column":26}},"7":{"start":{"line":54,"column":6},"end":{"line":56,"column":7}},"8":{"start":{"line":55,"column":8},"end":{"line":55,"column":35}},"9":{"start":{"line":59,"column":4},"end":{"line":59,"column":23}},"10":{"start":{"line":62,"column":18},"end":{"line":65,"column":8}},"11":{"start":{"line":63,"column":4},"end":{"line":63,"column":27}},"12":{"start":{"line":64,"column":4},"end":{"line":64,"column":31}},"13":{"start":{"line":67,"column":27},"end":{"line":72,"column":3}},"14":{"start":{"line":74,"column":2},"end":{"line":78,"column":4}},"15":{"start":{"line":88,"column":14},"end":{"line":88,"column":40}},"16":{"start":{"line":89,"column":2},"end":{"line":94,"column":3}},"17":{"start":{"line":90,"column":4},"end":{"line":93,"column":6}},"18":{"start":{"line":95,"column":2},"end":{"line":95,"column":13}}},"fnMap":{"0":{"name":"SessionProvider","decl":{"start":{"line":43,"column":16},"end":{"line":43,"column":31}},"loc":{"start":{"line":46,"column":44},"end":{"line":79,"column":1}},"line":46},"1":{"name":"(anonymous_1)","decl":{"start":{"line":50,"column":12},"end":{"line":50,"column":13}},"loc":{"start":{"line":50,"column":18},"end":{"line":60,"column":3}},"line":50},"2":{"name":"(anonymous_2)","decl":{"start":{"line":51,"column":50},"end":{"line":51,"column":51}},"loc":{"start":{"line":51,"column":68},"end":{"line":57,"column":5}},"line":51},"3":{"name":"(anonymous_3)","decl":{"start":{"line":62,"column":30},"end":{"line":62,"column":31}},"loc":{"start":{"line":62,"column":57},"end":{"line":65,"column":3}},"line":62},"4":{"name":"useSession","decl":{"start":{"line":87,"column":16},"end":{"line":87,"column":26}},"loc":{"start":{"line":87,"column":38},"end":{"line":96,"column":1}},"line":87}},"branchMap":{"0":{"loc":{"start":{"line":54,"column":6},"end":{"line":56,"column":7}},"type":"if","locations":[{"start":{"line":54,"column":6},"end":{"line":56,"column":7}},{"start":{},"end":{}}],"line":54},"1":{"loc":{"start":{"line":54,"column":10},"end":{"line":54,"column":38}},"type":"binary-expr","locations":[{"start":{"line":54,"column":10},"end":{"line":54,"column":22}},{"start":{"line":54,"column":26},"end":{"line":54,"column":38}}],"line":54},"2":{"loc":{"start":{"line":89,"column":2},"end":{"line":94,"column":3}},"type":"if","locations":[{"start":{"line":89,"column":2},"end":{"line":94,"column":3}},{"start":{},"end":{}}],"line":89}},"s":{"0":1,"1":9,"2":9,"3":9,"4":5,"5":4,"6":4,"7":4,"8":0,"9":5,"10":9,"11":1,"12":1,"13":9,"14":9,"15":9,"16":8,"17":2,"18":6},"f":{"0":9,"1":5,"2":4,"3":1,"4":9},"b":{"0":[0,4],"1":[4,2],"2":[2,6]},"_coverageSchema":"1a1c01bbd47fc00a2c39e90264f33305004495a9","hash":"36876fa533d4f10a96e75396297d65b852817afb"}
,"/Users/dustinober/Projects/Sundee-Fundee/SundeeFundeeRN/src/auth/authErrors.ts": {"path":"/Users/dustinober/Projects/Sundee-Fundee/SundeeFundeeRN/src/auth/authErrors.ts","statementMap":{"0":{"start":{"line":6,"column":52},"end":{"line":14,"column":1}},"1":{"start":{"line":16,"column":30},"end":{"line":16,"column":70}},"2":{"start":{"line":23,"column":2},"end":{"line":26,"column":3}},"3":{"start":{"line":24,"column":17},"end":{"line":24,"column":49}},"4":{"start":{"line":25,"column":4},"end":{"line":25,"column":62}},"5":{"start":{"line":27,"column":2},"end":{"line":27,"column":31}}},"fnMap":{"0":{"name":"getAuthErrorMessage","decl":{"start":{"line":22,"column":16},"end":{"line":22,"column":35}},"loc":{"start":{"line":22,"column":60},"end":{"line":28,"column":1}},"line":22}},"branchMap":{"0":{"loc":{"start":{"line":23,"column":2},"end":{"line":26,"column":3}},"type":"if","locations":[{"start":{"line":23,"column":2},"end":{"line":26,"column":3}},{"start":{},"end":{}}],"line":23},"1":{"loc":{"start":{"line":23,"column":6},"end":{"line":23,"column":68}},"type":"binary-expr","locations":[{"start":{"line":23,"column":6},"end":{"line":23,"column":20}},{"start":{"line":23,"column":24},"end":{"line":23,"column":49}},{"start":{"line":23,"column":53},"end":{"line":23,"column":68}}],"line":23},"2":{"loc":{"start":{"line":25,"column":11},"end":{"line":25,"column":61}},"type":"binary-expr","locations":[{"start":{"line":25,"column":11},"end":{"line":25,"column":36}},{"start":{"line":25,"column":40},"end":{"line":25,"column":61}}],"line":25}},"s":{"0":4,"1":4,"2":1,"3":1,"4":1,"5":0},"f":{"0":1},"b":{"0":[1,0],"1":[1,1,1],"2":[1,0]},"_coverageSchema":"1a1c01bbd47fc00a2c39e90264f33305004495a9","hash":"88aa3184f00b6887dd9c3b2842017140ed7a33c8"}
,"/Users/dustinober/Projects/Sundee-Fundee/SundeeFundeeRN/src/auth/useAppleSignIn.ts": {"path":"/Users/dustinober/Projects/Sundee-Fundee/SundeeFundeeRN/src/auth/useAppleSignIn.ts","statementMap":{"0":{"start":{"line":24,"column":36},"end":{"line":24,"column":51}},"1":{"start":{"line":25,"column":28},"end":{"line":25,"column":57}},"2":{"start":{"line":27,"column":17},"end":{"line":63,"column":8}},"3":{"start":{"line":28,"column":4},"end":{"line":28,"column":23}},"4":{"start":{"line":29,"column":4},"end":{"line":29,"column":19}},"5":{"start":{"line":30,"column":4},"end":{"line":62,"column":5}},"6":{"start":{"line":31,"column":30},"end":{"line":36,"column":8}},"7":{"start":{"line":38,"column":42},"end":{"line":38,"column":57}},"8":{"start":{"line":42,"column":25},"end":{"line":42,"column":79}},"9":{"start":{"line":45,"column":21},"end":{"line":45,"column":66}},"10":{"start":{"line":48,"column":6},"end":{"line":53,"column":7}},"11":{"start":{"line":49,"column":28},"end":{"line":51,"column":20}},"12":{"start":{"line":52,"column":8},"end":{"line":52,"column":74}},"13":{"start":{"line":55,"column":6},"end":{"line":55,"column":25}},"14":{"start":{"line":57,"column":22},"end":{"line":57,"column":46}},"15":{"start":{"line":58,"column":6},"end":{"line":58,"column":24}},"16":{"start":{"line":59,"column":6},"end":{"line":59,"column":16}},"17":{"start":{"line":61,"column":6},"end":{"line":61,"column":26}},"18":{"start":{"line":65,"column":2},"end":{"line":65,"column":38}}},"fnMap":{"0":{"name":"useAppleSignIn","decl":{"start":{"line":23,"column":16},"end":{"line":23,"column":30}},"loc":{"start":{"line":23,"column":51},"end":{"line":66,"column":1}},"line":23},"1":{"name":"(anonymous_1)","decl":{"start":{"line":27,"column":29},"end":{"line":27,"column":30}},"loc":{"start":{"line":27,"column":59},"end":{"line":63,"column":3}},"line":27}},"branchMap":{"0":{"loc":{"start":{"line":48,"column":6},"end":{"line":53,"column":7}},"type":"if","locations":[{"start":{"line":48,"column":6},"end":{"line":53,"column":7}},{"start":{},"end":{}}],"line":48}},"s":{"0":8,"1":8,"2":8,"3":4,"4":4,"5":4,"6":4,"7":4,"8":4,"9":4,"10":4,"11":4,"12":4,"13":4,"14":0,"15":0,"16":0,"17":4,"18":8},"f":{"0":8,"1":4},"b":{"0":[4,0]},"_coverageSchema":"1a1c01bbd47fc00a2c39e90264f33305004495a9","hash":"11d05b32fd8b142ecdb0c0845951e08038875996"}
,"/Users/dustinober/Projects/Sundee-Fundee/SundeeFundeeRN/src/auth/useEmailAuth.ts": {"path":"/Users/dustinober/Projects/Sundee-Fundee/SundeeFundeeRN/src/auth/useEmailAuth.ts","statementMap":{"0":{"start":{"line":19,"column":36},"end":{"line":19,"column":51}},"1":{"start":{"line":20,"column":28},"end":{"line":20,"column":57}},"2":{"start":{"line":22,"column":17},"end":{"line":38,"column":3}},"3":{"start":{"line":24,"column":6},"end":{"line":24,"column":25}},"4":{"start":{"line":25,"column":6},"end":{"line":25,"column":21}},"5":{"start":{"line":26,"column":6},"end":{"line":35,"column":7}},"6":{"start":{"line":27,"column":23},"end":{"line":27,"column":83}},"7":{"start":{"line":28,"column":8},"end":{"line":28,"column":50}},"8":{"start":{"line":29,"column":8},"end":{"line":29,"column":43}},"9":{"start":{"line":31,"column":8},"end":{"line":31,"column":43}},"10":{"start":{"line":32,"column":8},"end":{"line":32,"column":18}},"11":{"start":{"line":34,"column":8},"end":{"line":34,"column":28}},"12":{"start":{"line":40,"column":17},"end":{"line":67,"column":3}},"13":{"start":{"line":42,"column":6},"end":{"line":42,"column":25}},"14":{"start":{"line":43,"column":6},"end":{"line":43,"column":21}},"15":{"start":{"line":44,"column":6},"end":{"line":64,"column":7}},"16":{"start":{"line":45,"column":23},"end":{"line":45,"column":79}},"17":{"start":{"line":46,"column":8},"end":{"line":53,"column":9}},"18":{"start":{"line":48,"column":10},"end":{"line":48,"column":33}},"19":{"start":{"line":49,"column":26},"end":{"line":49,"column":71}},"20":{"start":{"line":50,"column":10},"end":{"line":50,"column":28}},"21":{"start":{"line":52,"column":10},"end":{"line":52,"column":80}},"22":{"start":{"line":54,"column":8},"end":{"line":54,"column":27}},"23":{"start":{"line":57,"column":8},"end":{"line":59,"column":9}},"24":{"start":{"line":58,"column":10},"end":{"line":58,"column":20}},"25":{"start":{"line":60,"column":8},"end":{"line":60,"column":43}},"26":{"start":{"line":61,"column":8},"end":{"line":61,"column":18}},"27":{"start":{"line":63,"column":8},"end":{"line":63,"column":28}},"28":{"start":{"line":69,"column":2},"end":{"line":69,"column":46}}},"fnMap":{"0":{"name":"useEmailAuth","decl":{"start":{"line":18,"column":16},"end":{"line":18,"column":28}},"loc":{"start":{"line":18,"column":47},"end":{"line":70,"column":1}},"line":18},"1":{"name":"(anonymous_1)","decl":{"start":{"line":23,"column":4},"end":{"line":23,"column":5}},"loc":{"start":{"line":23,"column":88},"end":{"line":36,"column":5}},"line":23},"2":{"name":"(anonymous_2)","decl":{"start":{"line":41,"column":4},"end":{"line":41,"column":5}},"loc":{"start":{"line":41,"column":65},"end":{"line":65,"column":5}},"line":41}},"branchMap":{"0":{"loc":{"start":{"line":46,"column":8},"end":{"line":53,"column":9}},"type":"if","locations":[{"start":{"line":46,"column":8},"end":{"line":53,"column":9}},{"start":{},"end":{}}],"line":46},"1":{"loc":{"start":{"line":57,"column":8},"end":{"line":59,"column":9}},"type":"if","locations":[{"start":{"line":57,"column":8},"end":{"line":59,"column":9}},{"start":{},"end":{}}],"line":57},"2":{"loc":{"start":{"line":57,"column":12},"end":{"line":57,"column":104}},"type":"binary-expr","locations":[{"start":{"line":57,"column":12},"end":{"line":57,"column":32}},{"start":{"line":57,"column":36},"end":{"line":57,"column":104}}],"line":57}},"s":{"0":10,"1":10,"2":10,"3":2,"4":2,"5":2,"6":2,"7":1,"8":1,"9":1,"10":1,"11":2,"12":10,"13":3,"14":3,"15":3,"16":3,"17":3,"18":1,"19":1,"20":1,"21":1,"22":2,"23":1,"24":1,"25":0,"26":0,"27":3,"28":10},"f":{"0":10,"1":2,"2":3},"b":{"0":[1,2],"1":[1,0],"2":[1,1]},"_coverageSchema":"1a1c01bbd47fc00a2c39e90264f33305004495a9","hash":"7a994e6ed4c1a1b3146c97c289c39f3c5b373c0c"}
,"/Users/dustinober/Projects/Sundee-Fundee/SundeeFundeeRN/src/auth/useGoogleSignIn.ts": {"path":"/Users/dustinober/Projects/Sundee-Fundee/SundeeFundeeRN/src/auth/useGoogleSignIn.ts","statementMap":{"0":{"start":{"line":19,"column":36},"end":{"line":19,"column":51}},"1":{"start":{"line":20,"column":28},"end":{"line":20,"column":57}},"2":{"start":{"line":22,"column":17},"end":{"line":56,"column":8}},"3":{"start":{"line":23,"column":4},"end":{"line":23,"column":23}},"4":{"start":{"line":24,"column":4},"end":{"line":24,"column":19}},"5":{"start":{"line":25,"column":4},"end":{"line":55,"column":5}},"6":{"start":{"line":27,"column":6},"end":{"line":29,"column":9}},"7":{"start":{"line":32,"column":6},"end":{"line":34,"column":9}},"8":{"start":{"line":37,"column":27},"end":{"line":37,"column":54}},"9":{"start":{"line":38,"column":22},"end":{"line":38,"column":48}},"10":{"start":{"line":40,"column":6},"end":{"line":42,"column":7}},"11":{"start":{"line":41,"column":8},"end":{"line":41,"column":68}},"12":{"start":{"line":45,"column":25},"end":{"line":45,"column":63}},"13":{"start":{"line":46,"column":21},"end":{"line":46,"column":66}},"14":{"start":{"line":48,"column":6},"end":{"line":48,"column":25}},"15":{"start":{"line":50,"column":22},"end":{"line":50,"column":46}},"16":{"start":{"line":51,"column":6},"end":{"line":51,"column":24}},"17":{"start":{"line":52,"column":6},"end":{"line":52,"column":16}},"18":{"start":{"line":54,"column":6},"end":{"line":54,"column":26}},"19":{"start":{"line":58,"column":2},"end":{"line":58,"column":38}}},"fnMap":{"0":{"name":"useGoogleSignIn","decl":{"start":{"line":18,"column":16},"end":{"line":18,"column":31}},"loc":{"start":{"line":18,"column":53},"end":{"line":59,"column":1}},"line":18},"1":{"name":"(anonymous_1)","decl":{"start":{"line":22,"column":29},"end":{"line":22,"column":30}},"loc":{"start":{"line":22,"column":59},"end":{"line":56,"column":3}},"line":22}},"branchMap":{"0":{"loc":{"start":{"line":40,"column":6},"end":{"line":42,"column":7}},"type":"if","locations":[{"start":{"line":40,"column":6},"end":{"line":42,"column":7}},{"start":{},"end":{}}],"line":40}},"s":{"0":8,"1":8,"2":8,"3":4,"4":4,"5":4,"6":4,"7":4,"8":4,"9":4,"10":4,"11":0,"12":4,"13":4,"14":4,"15":0,"16":0,"17":0,"18":4,"19":8},"f":{"0":8,"1":4},"b":{"0":[0,4]},"_coverageSchema":"1a1c01bbd47fc00a2c39e90264f33305004495a9","hash":"bb20fd75b98f594761b821b01fd14eb15d211cf7"}
,"/Users/dustinober/Projects/Sundee-Fundee/SundeeFundeeRN/src/auth/useGuestSignIn.ts": {"path":"/Users/dustinober/Projects/Sundee-Fundee/SundeeFundeeRN/src/auth/useGuestSignIn.ts","statementMap":{"0":{"start":{"line":20,"column":36},"end":{"line":20,"column":51}},"1":{"start":{"line":21,"column":28},"end":{"line":21,"column":57}},"2":{"start":{"line":23,"column":17},"end":{"line":35,"column":8}},"3":{"start":{"line":24,"column":4},"end":{"line":24,"column":23}},"4":{"start":{"line":25,"column":4},"end":{"line":25,"column":19}},"5":{"start":{"line":26,"column":4},"end":{"line":34,"column":5}},"6":{"start":{"line":27,"column":21},"end":{"line":27,"column":53}},"7":{"start":{"line":28,"column":6},"end":{"line":28,"column":25}},"8":{"start":{"line":30,"column":6},"end":{"line":30,"column":41}},"9":{"start":{"line":31,"column":6},"end":{"line":31,"column":16}},"10":{"start":{"line":33,"column":6},"end":{"line":33,"column":26}},"11":{"start":{"line":37,"column":18},"end":{"line":54,"column":3}},"12":{"start":{"line":39,"column":6},"end":{"line":39,"column":25}},"13":{"start":{"line":40,"column":6},"end":{"line":40,"column":21}},"14":{"start":{"line":41,"column":6},"end":{"line":51,"column":7}},"15":{"start":{"line":44,"column":23},"end":{"line":44,"column":79}},"16":{"start":{"line":45,"column":8},"end":{"line":45,"column":22}},"17":{"start":{"line":47,"column":8},"end":{"line":47,"column":43}},"18":{"start":{"line":48,"column":8},"end":{"line":48,"column":18}},"19":{"start":{"line":50,"column":8},"end":{"line":50,"column":28}},"20":{"start":{"line":56,"column":2},"end":{"line":56,"column":47}}},"fnMap":{"0":{"name":"useGuestSignIn","decl":{"start":{"line":19,"column":16},"end":{"line":19,"column":30}},"loc":{"start":{"line":19,"column":51},"end":{"line":57,"column":1}},"line":19},"1":{"name":"(anonymous_1)","decl":{"start":{"line":23,"column":29},"end":{"line":23,"column":30}},"loc":{"start":{"line":23,"column":74},"end":{"line":35,"column":3}},"line":23},"2":{"name":"(anonymous_2)","decl":{"start":{"line":38,"column":4},"end":{"line":38,"column":5}},"loc":{"start":{"line":38,"column":78},"end":{"line":52,"column":5}},"line":38}},"branchMap":{},"s":{"0":6,"1":6,"2":6,"3":2,"4":2,"5":2,"6":2,"7":2,"8":0,"9":0,"10":2,"11":6,"12":1,"13":1,"14":1,"15":1,"16":1,"17":0,"18":0,"19":1,"20":6},"f":{"0":6,"1":2,"2":1},"b":{},"_coverageSchema":"1a1c01bbd47fc00a2c39e90264f33305004495a9","hash":"ef2c6ed04031db061894cb6cdcef69b5b5ec62be"}
,"/Users/dustinober/Projects/Sundee-Fundee/SundeeFundeeRN/src/components/AuthButton.tsx": {"path":"/Users/dustinober/Projects/Sundee-Fundee/SundeeFundeeRN/src/components/AuthButton.tsx","statementMap":{"0":{"start":{"line":48,"column":21},"end":{"line":48,"column":42}},"1":{"start":{"line":51,"column":22},"end":{"line":57,"column":3}},"2":{"start":{"line":60,"column":20},"end":{"line":66,"column":3}},"3":{"start":{"line":68,"column":2},"end":{"line":99,"column":4}},"4":{"start":{"line":104,"column":15},"end":{"line":164,"column":2}}},"fnMap":{"0":{"name":"AuthButton","decl":{"start":{"line":39,"column":16},"end":{"line":39,"column":26}},"loc":{"start":{"line":47,"column":39},"end":{"line":100,"column":1}},"line":47}},"branchMap":{"0":{"loc":{"start":{"line":46,"column":2},"end":{"line":46,"column":18}},"type":"default-arg","locations":[{"start":{"line":46,"column":13},"end":{"line":46,"column":18}}],"line":46},"1":{"loc":{"start":{"line":48,"column":21},"end":{"line":48,"column":42}},"type":"binary-expr","locations":[{"start":{"line":48,"column":21},"end":{"line":48,"column":29}},{"start":{"line":48,"column":33},"end":{"line":48,"column":42}}],"line":48},"2":{"loc":{"start":{"line":53,"column":4},"end":{"line":53,"column":49}},"type":"binary-expr","locations":[{"start":{"line":53,"column":4},"end":{"line":53,"column":25}},{"start":{"line":53,"column":29},"end":{"line":53,"column":49}}],"line":53},"3":{"loc":{"start":{"line":54,"column":4},"end":{"line":54,"column":53}},"type":"binary-expr","locations":[{"start":{"line":54,"column":4},"end":{"line":54,"column":27}},{"start":{"line":54,"column":31},"end":{"line":54,"column":53}}],"line":54},"4":{"loc":{"start":{"line":55,"column":4},"end":{"line":55,"column":43}},"type":"binary-expr","locations":[{"start":{"line":55,"column":4},"end":{"line":55,"column":22}},{"start":{"line":55,"column":26},"end":{"line":55,"column":43}}],"line":55},"5":{"loc":{"start":{"line":56,"column":4},"end":{"line":56,"column":61}},"type":"binary-expr","locations":[{"start":{"line":56,"column":4},"end":{"line":56,"column":14}},{"start":{"line":56,"column":18},"end":{"line":56,"column":36}},{"start":{"line":56,"column":40},"end":{"line":56,"column":61}}],"line":56},"6":{"loc":{"start":{"line":62,"column":4},"end":{"line":62,"column":48}},"type":"binary-expr","locations":[{"start":{"line":62,"column":4},"end":{"line":62,"column":25}},{"start":{"line":62,"column":29},"end":{"line":62,"column":48}}],"line":62},"7":{"loc":{"start":{"line":63,"column":4},"end":{"line":63,"column":52}},"type":"binary-expr","locations":[{"start":{"line":63,"column":4},"end":{"line":63,"column":27}},{"start":{"line":63,"column":31},"end":{"line":63,"column":52}}],"line":63},"8":{"loc":{"start":{"line":64,"column":4},"end":{"line":64,"column":42}},"type":"binary-expr","locations":[{"start":{"line":64,"column":4},"end":{"line":64,"column":22}},{"start":{"line":64,"column":26},"end":{"line":64,"column":42}}],"line":64},"9":{"loc":{"start":{"line":65,"column":4},"end":{"line":65,"column":38}},"type":"binary-expr","locations":[{"start":{"line":65,"column":4},"end":{"line":65,"column":14}},{"start":{"line":65,"column":18},"end":{"line":65,"column":38}}],"line":65},"10":{"loc":{"start":{"line":79,"column":9},"end":{"line":90,"column":9}},"type":"cond-expr","locations":[{"start":{"line":80,"column":10},"end":{"line":84,"column":12}},{"start":{"line":86,"column":10},"end":{"line":89,"column":17}}],"line":79},"11":{"loc":{"start":{"line":81,"column":19},"end":{"line":81,"column":69}},"type":"cond-expr","locations":[{"start":{"line":81,"column":43},"end":{"line":81,"column":55}},{"start":{"line":81,"column":58},"end":{"line":81,"column":69}}],"line":81},"12":{"loc":{"start":{"line":87,"column":13},"end":{"line":87,"column":77}},"type":"binary-expr","locations":[{"start":{"line":87,"column":13},"end":{"line":87,"column":25}},{"start":{"line":87,"column":29},"end":{"line":87,"column":77}}],"line":87},"13":{"loc":{"start":{"line":93,"column":7},"end":{"line":97,"column":7}},"type":"binary-expr","locations":[{"start":{"line":93,"column":7},"end":{"line":93,"column":20}},{"start":{"line":93,"column":24},"end":{"line":93,"column":40}},{"start":{"line":94,"column":8},"end":{"line":96,"column":15}}],"line":93}},"s":{"0":8,"1":8,"2":8,"3":8,"4":1},"f":{"0":8},"b":{"0":[7],"1":[8,7],"2":[8,6],"3":[8,1],"4":[8,1],"5":[8,3,3],"6":[8,6],"7":[8,1],"8":[8,1],"9":[8,3],"10":[2,6],"11":[2,0],"12":[6,0],"13":[8,1,1]},"_coverageSchema":"1a1c01bbd47fc00a2c39e90264f33305004495a9","hash":"7ad6c90cc6b7ddfa739bed397e0b60825f9b972d"}
,"/Users/dustinober/Projects/Sundee-Fundee/SundeeFundeeRN/src/components/OfflineBanner.tsx": {"path":"/Users/dustinober/Projects/Sundee-Fundee/SundeeFundeeRN/src/components/OfflineBanner.tsx","statementMap":{"0":{"start":{"line":19,"column":36},"end":{"line":19,"column":51}},"1":{"start":{"line":21,"column":2},"end":{"line":34,"column":9}},"2":{"start":{"line":22,"column":20},"end":{"line":22,"column":24}},"3":{"start":{"line":25,"column":4},"end":{"line":29,"column":7}},"4":{"start":{"line":26,"column":6},"end":{"line":28,"column":7}},"5":{"start":{"line":27,"column":8},"end":{"line":27,"column":89}},"6":{"start":{"line":31,"column":4},"end":{"line":33,"column":6}},"7":{"start":{"line":32,"column":6},"end":{"line":32,"column":24}},"8":{"start":{"line":36,"column":2},"end":{"line":38,"column":3}},"9":{"start":{"line":37,"column":4},"end":{"line":37,"column":16}},"10":{"start":{"line":40,"column":2},"end":{"line":46,"column":4}},"11":{"start":{"line":51,"column":15},"end":{"line":64,"column":2}}},"fnMap":{"0":{"name":"OfflineBanner","decl":{"start":{"line":18,"column":16},"end":{"line":18,"column":29}},"loc":{"start":{"line":18,"column":58},"end":{"line":47,"column":1}},"line":18},"1":{"name":"(anonymous_1)","decl":{"start":{"line":21,"column":12},"end":{"line":21,"column":13}},"loc":{"start":{"line":21,"column":18},"end":{"line":34,"column":3}},"line":21},"2":{"name":"(anonymous_2)","decl":{"start":{"line":25,"column":45},"end":{"line":25,"column":46}},"loc":{"start":{"line":25,"column":56},"end":{"line":29,"column":5}},"line":25},"3":{"name":"(anonymous_3)","decl":{"start":{"line":31,"column":11},"end":{"line":31,"column":12}},"loc":{"start":{"line":31,"column":17},"end":{"line":33,"column":5}},"line":31}},"branchMap":{"0":{"loc":{"start":{"line":26,"column":6},"end":{"line":28,"column":7}},"type":"if","locations":[{"start":{"line":26,"column":6},"end":{"line":28,"column":7}},{"start":{},"end":{}}],"line":26},"1":{"loc":{"start":{"line":27,"column":21},"end":{"line":27,"column":87}},"type":"binary-expr","locations":[{"start":{"line":27,"column":21},"end":{"line":27,"column":48}},{"start":{"line":27,"column":52},"end":{"line":27,"column":87}}],"line":27},"2":{"loc":{"start":{"line":36,"column":2},"end":{"line":38,"column":3}},"type":"if","locations":[{"start":{"line":36,"column":2},"end":{"line":38,"column":3}},{"start":{},"end":{}}],"line":36}},"s":{"0":0,"1":0,"2":0,"3":0,"4":0,"5":0,"6":0,"7":0,"8":0,"9":0,"10":0,"11":0},"f":{"0":0,"1":0,"2":0,"3":0},"b":{"0":[0,0],"1":[0,0],"2":[0,0]}}
,"/Users/dustinober/Projects/Sundee-Fundee/SundeeFundeeRN/src/entitlements/useEntitlements.ts": {"path":"/Users/dustinober/Projects/Sundee-Fundee/SundeeFundeeRN/src/entitlements/useEntitlements.ts","statementMap":{"0":{"start":{"line":13,"column":31},"end":{"line":13,"column":40}},"1":{"start":{"line":21,"column":36},"end":{"line":21,"column":51}},"2":{"start":{"line":22,"column":36},"end":{"line":22,"column":67}},"3":{"start":{"line":24,"column":2},"end":{"line":62,"column":9}},"4":{"start":{"line":27,"column":4},"end":{"line":31,"column":5}},"5":{"start":{"line":28,"column":6},"end":{"line":28,"column":26}},"6":{"start":{"line":29,"column":6},"end":{"line":29,"column":26}},"7":{"start":{"line":30,"column":6},"end":{"line":30,"column":13}},"8":{"start":{"line":33,"column":20},"end":{"line":33,"column":25}},"9":{"start":{"line":36,"column":6},"end":{"line":54,"column":7}},"10":{"start":{"line":39,"column":26},"end":{"line":39,"column":67}},"11":{"start":{"line":40,"column":29},"end":{"line":40,"column":62}},"12":{"start":{"line":41,"column":23},"end":{"line":41,"column":63}},"13":{"start":{"line":42,"column":8},"end":{"line":44,"column":9}},"14":{"start":{"line":43,"column":10},"end":{"line":43,"column":57}},"15":{"start":{"line":47,"column":8},"end":{"line":49,"column":9}},"16":{"start":{"line":48,"column":10},"end":{"line":48,"column":30}},"17":{"start":{"line":51,"column":8},"end":{"line":53,"column":9}},"18":{"start":{"line":52,"column":10},"end":{"line":52,"column":30}},"19":{"start":{"line":57,"column":4},"end":{"line":57,"column":29}},"20":{"start":{"line":59,"column":4},"end":{"line":61,"column":6}},"21":{"start":{"line":60,"column":6},"end":{"line":60,"column":23}},"22":{"start":{"line":64,"column":2},"end":{"line":64,"column":34}}},"fnMap":{"0":{"name":"useEntitlements","decl":{"start":{"line":20,"column":16},"end":{"line":20,"column":31}},"loc":{"start":{"line":20,"column":52},"end":{"line":65,"column":1}},"line":20},"1":{"name":"(anonymous_1)","decl":{"start":{"line":24,"column":12},"end":{"line":24,"column":13}},"loc":{"start":{"line":24,"column":18},"end":{"line":62,"column":3}},"line":24},"2":{"name":"checkEntitlements","decl":{"start":{"line":35,"column":19},"end":{"line":35,"column":36}},"loc":{"start":{"line":35,"column":54},"end":{"line":55,"column":5}},"line":35},"3":{"name":"(anonymous_3)","decl":{"start":{"line":59,"column":11},"end":{"line":59,"column":12}},"loc":{"start":{"line":59,"column":17},"end":{"line":61,"column":5}},"line":59}},"branchMap":{"0":{"loc":{"start":{"line":27,"column":4},"end":{"line":31,"column":5}},"type":"if","locations":[{"start":{"line":27,"column":4},"end":{"line":31,"column":5}},{"start":{},"end":{}}],"line":27},"1":{"loc":{"start":{"line":41,"column":23},"end":{"line":41,"column":63}},"type":"binary-expr","locations":[{"start":{"line":41,"column":23},"end":{"line":41,"column":57}},{"start":{"line":41,"column":61},"end":{"line":41,"column":63}}],"line":41},"2":{"loc":{"start":{"line":42,"column":8},"end":{"line":44,"column":9}},"type":"if","locations":[{"start":{"line":42,"column":8},"end":{"line":44,"column":9}},{"start":{},"end":{}}],"line":42},"3":{"loc":{"start":{"line":47,"column":8},"end":{"line":49,"column":9}},"type":"if","locations":[{"start":{"line":47,"column":8},"end":{"line":49,"column":9}},{"start":{},"end":{}}],"line":47},"4":{"loc":{"start":{"line":51,"column":8},"end":{"line":53,"column":9}},"type":"if","locations":[{"start":{"line":51,"column":8},"end":{"line":53,"column":9}},{"start":{},"end":{}}],"line":51}},"s":{"0":0,"1":0,"2":0,"3":0,"4":0,"5":0,"6":0,"7":0,"8":0,"9":0,"10":0,"11":0,"12":0,"13":0,"14":0,"15":0,"16":0,"17":0,"18":0,"19":0,"20":0,"21":0,"22":0},"f":{"0":0,"1":0,"2":0,"3":0},"b":{"0":[0,0],"1":[0,0],"2":[0,0],"3":[0,0],"4":[0,0]}}
,"/Users/dustinober/Projects/Sundee-Fundee/SundeeFundeeRN/src/firebase/app.ts": {"path":"/Users/dustinober/Projects/Sundee-Fundee/SundeeFundeeRN/src/firebase/app.ts","statementMap":{"0":{"start":{"line":10,"column":21},"end":{"line":10,"column":42}},"1":{"start":{"line":18,"column":2},"end":{"line":18,"column":21}},"2":{"start":{"line":18,"column":14},"end":{"line":18,"column":21}},"3":{"start":{"line":22,"column":17},"end":{"line":26,"column":3}},"4":{"start":{"line":29,"column":2},"end":{"line":34,"column":3}},"5":{"start":{"line":30,"column":4},"end":{"line":33,"column":6}}},"fnMap":{"0":{"name":"initializeFirebaseWeb","decl":{"start":{"line":17,"column":16},"end":{"line":17,"column":37}},"loc":{"start":{"line":17,"column":46},"end":{"line":35,"column":1}},"line":17}},"branchMap":{"0":{"loc":{"start":{"line":18,"column":2},"end":{"line":18,"column":21}},"type":"if","locations":[{"start":{"line":18,"column":2},"end":{"line":18,"column":21}},{"start":{},"end":{}}],"line":18},"1":{"loc":{"start":{"line":29,"column":2},"end":{"line":34,"column":3}},"type":"if","locations":[{"start":{"line":29,"column":2},"end":{"line":34,"column":3}},{"start":{},"end":{}}],"line":29},"2":{"loc":{"start":{"line":29,"column":6},"end":{"line":29,"column":41}},"type":"binary-expr","locations":[{"start":{"line":29,"column":6},"end":{"line":29,"column":20}},{"start":{"line":29,"column":24},"end":{"line":29,"column":41}}],"line":29}},"s":{"0":0,"1":0,"2":0,"3":0,"4":0,"5":0},"f":{"0":0},"b":{"0":[0,0],"1":[0,0],"2":[0,0]}}
,"/Users/dustinober/Projects/Sundee-Fundee/SundeeFundeeRN/src/firebase/auth.native.ts": {"path":"/Users/dustinober/Projects/Sundee-Fundee/SundeeFundeeRN/src/firebase/auth.native.ts","statementMap":{"0":{"start":{"line":19,"column":2},"end":{"line":19,"column":16}},"1":{"start":{"line":29,"column":2},"end":{"line":29,"column":45}},"2":{"start":{"line":38,"column":17},"end":{"line":38,"column":62}},"3":{"start":{"line":39,"column":2},"end":{"line":39,"column":21}},"4":{"start":{"line":49,"column":17},"end":{"line":49,"column":73}},"5":{"start":{"line":50,"column":2},"end":{"line":50,"column":21}},"6":{"start":{"line":60,"column":17},"end":{"line":60,"column":77}},"7":{"start":{"line":61,"column":2},"end":{"line":61,"column":21}},"8":{"start":{"line":68,"column":17},"end":{"line":68,"column":49}},"9":{"start":{"line":69,"column":2},"end":{"line":69,"column":21}},"10":{"start":{"line":76,"column":2},"end":{"line":76,"column":26}},"11":{"start":{"line":83,"column":2},"end":{"line":83,"column":28}},"12":{"start":{"line":87,"column":33},"end":{"line":87,"column":55}},"13":{"start":{"line":88,"column":34},"end":{"line":88,"column":57}}},"fnMap":{"0":{"name":"getAuthInstance","decl":{"start":{"line":18,"column":16},"end":{"line":18,"column":31}},"loc":{"start":{"line":18,"column":60},"end":{"line":20,"column":1}},"line":18},"1":{"name":"onAuthStateChanged","decl":{"start":{"line":26,"column":16},"end":{"line":26,"column":34}},"loc":{"start":{"line":28,"column":14},"end":{"line":30,"column":1}},"line":28},"2":{"name":"signInWithCredential","decl":{"start":{"line":35,"column":22},"end":{"line":35,"column":42}},"loc":{"start":{"line":37,"column":21},"end":{"line":40,"column":1}},"line":37},"3":{"name":"signInWithEmailAndPassword","decl":{"start":{"line":45,"column":22},"end":{"line":45,"column":48}},"loc":{"start":{"line":48,"column":21},"end":{"line":51,"column":1}},"line":48},"4":{"name":"createUserWithEmailAndPassword","decl":{"start":{"line":56,"column":22},"end":{"line":56,"column":52}},"loc":{"start":{"line":59,"column":21},"end":{"line":62,"column":1}},"line":59},"5":{"name":"signInAnonymously","decl":{"start":{"line":67,"column":22},"end":{"line":67,"column":39}},"loc":{"start":{"line":67,"column":61},"end":{"line":70,"column":1}},"line":67},"6":{"name":"signOut","decl":{"start":{"line":75,"column":22},"end":{"line":75,"column":29}},"loc":{"start":{"line":75,"column":47},"end":{"line":77,"column":1}},"line":75},"7":{"name":"getCurrentUser","decl":{"start":{"line":82,"column":16},"end":{"line":82,"column":30}},"loc":{"start":{"line":82,"column":50},"end":{"line":84,"column":1}},"line":82}},"branchMap":{},"s":{"0":0,"1":0,"2":0,"3":0,"4":0,"5":0,"6":0,"7":0,"8":0,"9":0,"10":0,"11":0,"12":0,"13":0},"f":{"0":0,"1":0,"2":0,"3":0,"4":0,"5":0,"6":0,"7":0},"b":{}}
,"/Users/dustinober/Projects/Sundee-Fundee/SundeeFundeeRN/src/firebase/auth.web.ts": {"path":"/Users/dustinober/Projects/Sundee-Fundee/SundeeFundeeRN/src/firebase/auth.web.ts","statementMap":{"0":{"start":{"line":31,"column":19},"end":{"line":31,"column":28}},"1":{"start":{"line":32,"column":2},"end":{"line":34,"column":3}},"2":{"start":{"line":33,"column":4},"end":{"line":33,"column":23}},"3":{"start":{"line":36,"column":17},"end":{"line":40,"column":3}},"4":{"start":{"line":42,"column":2},"end":{"line":42,"column":31}},"5":{"start":{"line":49,"column":2},"end":{"line":49,"column":35}},"6":{"start":{"line":59,"column":2},"end":{"line":59,"column":59}},"7":{"start":{"line":68,"column":17},"end":{"line":68,"column":76}},"8":{"start":{"line":69,"column":2},"end":{"line":69,"column":21}},"9":{"start":{"line":79,"column":17},"end":{"line":79,"column":87}},"10":{"start":{"line":80,"column":2},"end":{"line":80,"column":21}},"11":{"start":{"line":90,"column":17},"end":{"line":90,"column":91}},"12":{"start":{"line":91,"column":2},"end":{"line":91,"column":21}},"13":{"start":{"line":98,"column":17},"end":{"line":98,"column":61}},"14":{"start":{"line":99,"column":2},"end":{"line":99,"column":21}},"15":{"start":{"line":106,"column":2},"end":{"line":106,"column":38}},"16":{"start":{"line":113,"column":2},"end":{"line":113,"column":39}},"17":{"start":{"line":117,"column":33},"end":{"line":122,"column":1}},"18":{"start":{"line":119,"column":21},"end":{"line":119,"column":51}},"19":{"start":{"line":120,"column":4},"end":{"line":120,"column":76}},"20":{"start":{"line":124,"column":34},"end":{"line":126,"column":1}},"21":{"start":{"line":125,"column":35},"end":{"line":125,"column":75}}},"fnMap":{"0":{"name":"getFirebaseApp","decl":{"start":{"line":30,"column":9},"end":{"line":30,"column":23}},"loc":{"start":{"line":30,"column":39},"end":{"line":43,"column":1}},"line":30},"1":{"name":"getAuthInstance","decl":{"start":{"line":48,"column":16},"end":{"line":48,"column":31}},"loc":{"start":{"line":48,"column":40},"end":{"line":50,"column":1}},"line":48},"2":{"name":"onAuthStateChanged","decl":{"start":{"line":56,"column":16},"end":{"line":56,"column":34}},"loc":{"start":{"line":58,"column":14},"end":{"line":60,"column":1}},"line":58},"3":{"name":"signInWithCredential","decl":{"start":{"line":65,"column":22},"end":{"line":65,"column":42}},"loc":{"start":{"line":67,"column":21},"end":{"line":70,"column":1}},"line":67},"4":{"name":"signInWithEmailAndPassword","decl":{"start":{"line":75,"column":22},"end":{"line":75,"column":48}},"loc":{"start":{"line":78,"column":21},"end":{"line":81,"column":1}},"line":78},"5":{"name":"createUserWithEmailAndPassword","decl":{"start":{"line":86,"column":22},"end":{"line":86,"column":52}},"loc":{"start":{"line":89,"column":21},"end":{"line":92,"column":1}},"line":89},"6":{"name":"signInAnonymously","decl":{"start":{"line":97,"column":22},"end":{"line":97,"column":39}},"loc":{"start":{"line":97,"column":61},"end":{"line":100,"column":1}},"line":97},"7":{"name":"signOut","decl":{"start":{"line":105,"column":22},"end":{"line":105,"column":29}},"loc":{"start":{"line":105,"column":47},"end":{"line":107,"column":1}},"line":105},"8":{"name":"getCurrentUser","decl":{"start":{"line":112,"column":16},"end":{"line":112,"column":30}},"loc":{"start":{"line":112,"column":50},"end":{"line":114,"column":1}},"line":112},"9":{"name":"(anonymous_9)","decl":{"start":{"line":118,"column":14},"end":{"line":118,"column":15}},"loc":{"start":{"line":118,"column":57},"end":{"line":121,"column":3}},"line":118},"10":{"name":"(anonymous_10)","decl":{"start":{"line":125,"column":14},"end":{"line":125,"column":15}},"loc":{"start":{"line":125,"column":35},"end":{"line":125,"column":75}},"line":125}},"branchMap":{"0":{"loc":{"start":{"line":32,"column":2},"end":{"line":34,"column":3}},"type":"if","locations":[{"start":{"line":32,"column":2},"end":{"line":34,"column":3}},{"start":{},"end":{}}],"line":32},"1":{"loc":{"start":{"line":37,"column":12},"end":{"line":37,"column":62}},"type":"binary-expr","locations":[{"start":{"line":37,"column":12},"end":{"line":37,"column":56}},{"start":{"line":37,"column":60},"end":{"line":37,"column":62}}],"line":37},"2":{"loc":{"start":{"line":38,"column":16},"end":{"line":38,"column":66}},"type":"binary-expr","locations":[{"start":{"line":38,"column":16},"end":{"line":38,"column":60}},{"start":{"line":38,"column":64},"end":{"line":38,"column":66}}],"line":38},"3":{"loc":{"start":{"line":39,"column":15},"end":{"line":39,"column":64}},"type":"binary-expr","locations":[{"start":{"line":39,"column":15},"end":{"line":39,"column":58}},{"start":{"line":39,"column":62},"end":{"line":39,"column":64}}],"line":39}},"s":{"0":0,"1":0,"2":0,"3":0,"4":0,"5":0,"6":0,"7":0,"8":0,"9":0,"10":0,"11":0,"12":0,"13":0,"14":0,"15":0,"16":0,"17":0,"18":0,"19":0,"20":0,"21":0},"f":{"0":0,"1":0,"2":0,"3":0,"4":0,"5":0,"6":0,"7":0,"8":0,"9":0,"10":0},"b":{"0":[0,0],"1":[0,0],"2":[0,0],"3":[0,0]}}
,"/Users/dustinober/Projects/Sundee-Fundee/SundeeFundeeRN/src/firebase/firestore.ts": {"path":"/Users/dustinober/Projects/Sundee-Fundee/SundeeFundeeRN/src/firebase/firestore.ts","statementMap":{"0":{"start":{"line":15,"column":21},"end":{"line":15,"column":42}},"1":{"start":{"line":34,"column":2},"end":{"line":41,"column":3}},"2":{"start":{"line":37,"column":29},"end":{"line":37,"column":58}},"3":{"start":{"line":39,"column":23},"end":{"line":39,"column":46}},"4":{"start":{"line":40,"column":4},"end":{"line":40,"column":34}},"5":{"start":{"line":44,"column":20},"end":{"line":44,"column":71}},"6":{"start":{"line":45,"column":2},"end":{"line":45,"column":21}}},"fnMap":{"0":{"name":"getFirestoreInstance","decl":{"start":{"line":33,"column":16},"end":{"line":33,"column":36}},"loc":{"start":{"line":33,"column":58},"end":{"line":46,"column":1}},"line":33}},"branchMap":{"0":{"loc":{"start":{"line":34,"column":2},"end":{"line":41,"column":3}},"type":"if","locations":[{"start":{"line":34,"column":2},"end":{"line":41,"column":3}},{"start":{},"end":{}}],"line":34}},"s":{"0":0,"1":0,"2":0,"3":0,"4":0,"5":0,"6":0},"f":{"0":0},"b":{"0":[0,0]}}
,"/Users/dustinober/Projects/Sundee-Fundee/SundeeFundeeRN/src/repositories/FirestoreUserRepo.ts": {"path":"/Users/dustinober/Projects/Sundee-Fundee/SundeeFundeeRN/src/repositories/FirestoreUserRepo.ts","statementMap":{"0":{"start":{"line":17,"column":4},"end":{"line":20,"column":37}},"1":{"start":{"line":28,"column":16},"end":{"line":28,"column":68}},"2":{"start":{"line":29,"column":4},"end":{"line":31,"column":5}},"3":{"start":{"line":30,"column":6},"end":{"line":30,"column":18}},"4":{"start":{"line":32,"column":4},"end":{"line":32,"column":37}},"5":{"start":{"line":39,"column":4},"end":{"line":39,"column":60}}},"fnMap":{"0":{"name":"(anonymous_0)","decl":{"start":{"line":16,"column":2},"end":{"line":16,"column":3}},"loc":{"start":{"line":16,"column":64},"end":{"line":21,"column":3}},"line":16},"1":{"name":"(anonymous_1)","decl":{"start":{"line":27,"column":2},"end":{"line":27,"column":3}},"loc":{"start":{"line":27,"column":58},"end":{"line":33,"column":3}},"line":27},"2":{"name":"(anonymous_2)","decl":{"start":{"line":38,"column":2},"end":{"line":38,"column":3}},"loc":{"start":{"line":38,"column":47},"end":{"line":40,"column":3}},"line":38}},"branchMap":{"0":{"loc":{"start":{"line":29,"column":4},"end":{"line":31,"column":5}},"type":"if","locations":[{"start":{"line":29,"column":4},"end":{"line":31,"column":5}},{"start":{},"end":{}}],"line":29}},"s":{"0":1,"1":2,"2":2,"3":1,"4":1,"5":1},"f":{"0":1,"1":2,"2":1},"b":{"0":[1,1]},"_coverageSchema":"1a1c01bbd47fc00a2c39e90264f33305004495a9","hash":"655d7d34ac0a305b2a35291fb04156f25fc07099"}
,"/Users/dustinober/Projects/Sundee-Fundee/SundeeFundeeRN/src/repositories/LocalUserRepo.ts": {"path":"/Users/dustinober/Projects/Sundee-Fundee/SundeeFundeeRN/src/repositories/LocalUserRepo.ts","statementMap":{"0":{"start":{"line":10,"column":25},"end":{"line":10,"column":39}},"1":{"start":{"line":17,"column":4},"end":{"line":17,"column":74}},"2":{"start":{"line":27,"column":16},"end":{"line":27,"column":60}},"3":{"start":{"line":28,"column":4},"end":{"line":30,"column":5}},"4":{"start":{"line":29,"column":6},"end":{"line":29,"column":18}},"5":{"start":{"line":31,"column":4},"end":{"line":31,"column":42}},"6":{"start":{"line":38,"column":4},"end":{"line":38,"column":52}}},"fnMap":{"0":{"name":"(anonymous_0)","decl":{"start":{"line":16,"column":2},"end":{"line":16,"column":3}},"loc":{"start":{"line":16,"column":64},"end":{"line":18,"column":3}},"line":16},"1":{"name":"(anonymous_1)","decl":{"start":{"line":26,"column":2},"end":{"line":26,"column":3}},"loc":{"start":{"line":26,"column":59},"end":{"line":32,"column":3}},"line":26},"2":{"name":"(anonymous_2)","decl":{"start":{"line":37,"column":2},"end":{"line":37,"column":3}},"loc":{"start":{"line":37,"column":48},"end":{"line":39,"column":3}},"line":37}},"branchMap":{"0":{"loc":{"start":{"line":28,"column":4},"end":{"line":30,"column":5}},"type":"if","locations":[{"start":{"line":28,"column":4},"end":{"line":30,"column":5}},{"start":{},"end":{}}],"line":28}},"s":{"0":1,"1":1,"2":2,"3":2,"4":1,"5":1,"6":1},"f":{"0":1,"1":2,"2":1},"b":{"0":[1,1]},"_coverageSchema":"1a1c01bbd47fc00a2c39e90264f33305004495a9","hash":"fa266837b7d91019022c507718306aedc39b52e5"}
,"/Users/dustinober/Projects/Sundee-Fundee/SundeeFundeeRN/src/repositories/UserRepository.ts": {"path":"/Users/dustinober/Projects/Sundee-Fundee/SundeeFundeeRN/src/repositories/UserRepository.ts","statementMap":{},"fnMap":{},"branchMap":{},"s":{},"f":{},"b":{}}
,"/Users/dustinober/Projects/Sundee-Fundee/SundeeFundeeRN/src/theme/colors.ts": {"path":"/Users/dustinober/Projects/Sundee-Fundee/SundeeFundeeRN/src/theme/colors.ts","statementMap":{"0":{"start":{"line":11,"column":21},"end":{"line":11,"column":30}},"1":{"start":{"line":14,"column":20},"end":{"line":14,"column":29}},"2":{"start":{"line":17,"column":22},"end":{"line":17,"column":31}},"3":{"start":{"line":22,"column":27},"end":{"line":22,"column":36}},"4":{"start":{"line":25,"column":25},"end":{"line":25,"column":34}},"5":{"start":{"line":28,"column":27},"end":{"line":28,"column":36}},"6":{"start":{"line":31,"column":27},"end":{"line":31,"column":36}},"7":{"start":{"line":34,"column":28},"end":{"line":34,"column":37}},"8":{"start":{"line":37,"column":19},"end":{"line":37,"column":28}},"9":{"start":{"line":40,"column":20},"end":{"line":40,"column":29}},"10":{"start":{"line":43,"column":26},"end":{"line":43,"column":35}},"11":{"start":{"line":48,"column":26},"end":{"line":48,"column":31}},"12":{"start":{"line":51,"column":20},"end":{"line":51,"column":24}},"13":{"start":{"line":54,"column":22},"end":{"line":54,"column":28}},"14":{"start":{"line":57,"column":23},"end":{"line":57,"column":34}},"15":{"start":{"line":60,"column":21},"end":{"line":60,"column":24}},"16":{"start":{"line":63,"column":22},"end":{"line":63,"column":32}},"17":{"start":{"line":66,"column":25},"end":{"line":66,"column":29}},"18":{"start":{"line":69,"column":29},"end":{"line":69,"column":40}}},"fnMap":{},"branchMap":{},"s":{"0":2,"1":2,"2":2,"3":2,"4":2,"5":2,"6":2,"7":2,"8":2,"9":2,"10":2,"11":2,"12":2,"13":2,"14":2,"15":2,"16":2,"17":2,"18":2},"f":{},"b":{},"_coverageSchema":"1a1c01bbd47fc00a2c39e90264f33305004495a9","hash":"92b8129ec86b2d822abb390b0b66de610f858b0b"}
,"/Users/dustinober/Projects/Sundee-Fundee/SundeeFundeeRN/src/theme/typography.ts": {"path":"/Users/dustinober/Projects/Sundee-Fundee/SundeeFundeeRN/src/theme/typography.ts","statementMap":{"0":{"start":{"line":12,"column":24},"end":{"line":42,"column":10}},"1":{"start":{"line":46,"column":26},"end":{"line":67,"column":10}},"2":{"start":{"line":71,"column":26},"end":{"line":75,"column":10}},"3":{"start":{"line":79,"column":29},"end":{"line":88,"column":10}},"4":{"start":{"line":96,"column":26},"end":{"line":159,"column":10}}},"fnMap":{},"branchMap":{},"s":{"0":1,"1":1,"2":1,"3":1,"4":1},"f":{},"b":{},"_coverageSchema":"1a1c01bbd47fc00a2c39e90264f33305004495a9","hash":"c621eb44af2dccd3be82db21444e9f57497e92dc"}
}
