{"/Users/dustinober/Projects/Sundee-Fundee/SundeeFundeeRN/src/domain/types/index.ts": {"path":"/Users/dustinober/Projects/Sundee-Fundee/SundeeFundeeRN/src/domain/types/index.ts","statementMap":{"0":{"start":{"line":21,"column":53},"end":{"line":27,"column":1}},"1":{"start":{"line":54,"column":2},"end":{"line":78,"column":3}},"2":{"start":{"line":59,"column":6},"end":{"line":59,"column":20}},"3":{"start":{"line":63,"column":6},"end":{"line":63,"column":24}},"4":{"start":{"line":68,"column":6},"end":{"line":68,"column":21}},"5":{"start":{"line":71,"column":6},"end":{"line":71,"column":19}},"6":{"start":{"line":74,"column":6},"end":{"line":74,"column":20}},"7":{"start":{"line":77,"column":6},"end":{"line":77,"column":21}},"8":{"start":{"line":104,"column":2},"end":{"line":117,"column":3}},"9":{"start":{"line":105,"column":23},"end":{"line":105,"column":43}},"10":{"start":{"line":106,"column":23},"end":{"line":106,"column":43}},"11":{"start":{"line":107,"column":22},"end":{"line":107,"column":41}},"12":{"start":{"line":108,"column":17},"end":{"line":108,"column":31}},"13":{"start":{"line":109,"column":17},"end":{"line":109,"column":31}},"14":{"start":{"line":110,"column":17},"end":{"line":110,"column":31}},"15":{"start":{"line":111,"column":25},"end":{"line":111,"column":47}},"16":{"start":{"line":112,"column":21},"end":{"line":112,"column":39}},"17":{"start":{"line":113,"column":26},"end":{"line":113,"column":49}},"18":{"start":{"line":114,"column":23},"end":{"line":114,"column":43}},"19":{"start":{"line":115,"column":21},"end":{"line":115,"column":39}},"20":{"start":{"line":116,"column":23},"end":{"line":116,"column":43}},"21":{"start":{"line":176,"column":2},"end":{"line":189,"column":3}},"22":{"start":{"line":178,"column":6},"end":{"line":178,"column":69}},"23":{"start":{"line":180,"column":6},"end":{"line":184,"column":8}},"24":{"start":{"line":186,"column":6},"end":{"line":186,"column":16}},"25":{"start":{"line":188,"column":6},"end":{"line":188,"column":16}},"26":{"start":{"line":279,"column":2},"end":{"line":279,"column":45}},"27":{"start":{"line":289,"column":2},"end":{"line":289,"column":56}}},"fnMap":{"0":{"name":"bodyLocationEngineKey","decl":{"start":{"line":53,"column":16},"end":{"line":53,"column":37}},"loc":{"start":{"line":53,"column":85},"end":{"line":79,"column":1}},"line":53},"1":{"name":"workoutFocusDisplayName","decl":{"start":{"line":103,"column":16},"end":{"line":103,"column":39}},"loc":{"start":{"line":103,"column":69},"end":{"line":118,"column":1}},"line":103},"2":{"name":"scaleExerciseValue","decl":{"start":{"line":175,"column":16},"end":{"line":175,"column":34}},"loc":{"start":{"line":175,"column":85},"end":{"line":190,"column":1}},"line":175},"3":{"name":"clamp","decl":{"start":{"line":278,"column":16},"end":{"line":278,"column":21}},"loc":{"start":{"line":278,"column":71},"end":{"line":280,"column":1}},"line":278},"4":{"name":"swiftRound","decl":{"start":{"line":288,"column":16},"end":{"line":288,"column":26}},"loc":{"start":{"line":288,"column":50},"end":{"line":290,"column":1}},"line":288}},"branchMap":{"0":{"loc":{"start":{"line":54,"column":2},"end":{"line":78,"column":3}},"type":"switch","locations":[{"start":{"line":55,"column":4},"end":{"line":55,"column":16}},{"start":{"line":56,"column":4},"end":{"line":56,"column":16}},{"start":{"line":57,"column":4},"end":{"line":57,"column":21}},{"start":{"line":58,"column":4},"end":{"line":59,"column":20}},{"start":{"line":60,"column":4},"end":{"line":60,"column":24}},{"start":{"line":61,"column":4},"end":{"line":61,"column":25}},{"start":{"line":62,"column":4},"end":{"line":63,"column":24}},{"start":{"line":64,"column":4},"end":{"line":64,"column":21}},{"start":{"line":65,"column":4},"end":{"line":65,"column":22}},{"start":{"line":66,"column":4},"end":{"line":66,"column":21}},{"start":{"line":67,"column":4},"end":{"line":68,"column":21}},{"start":{"line":69,"column":4},"end":{"line":69,"column":19}},{"start":{"line":70,"column":4},"end":{"line":71,"column":19}},{"start":{"line":72,"column":4},"end":{"line":72,"column":20}},{"start":{"line":73,"column":4},"end":{"line":74,"column":20}},{"start":{"line":75,"column":4},"end":{"line":75,"column":21}},{"start":{"line":76,"column":4},"end":{"line":77,"column":21}}],"line":54},"1":{"loc":{"start":{"line":104,"column":2},"end":{"line":117,"column":3}},"type":"switch","locations":[{"start":{"line":105,"column":4},"end":{"line":105,"column":43}},{"start":{"line":106,"column":4},"end":{"line":106,"column":43}},{"start":{"line":107,"column":4},"end":{"line":107,"column":41}},{"start":{"line":108,"column":4},"end":{"line":108,"column":31}},{"start":{"line":109,"column":4},"end":{"line":109,"column":31}},{"start":{"line":110,"column":4},"end":{"line":110,"column":31}},{"start":{"line":111,"column":4},"end":{"line":111,"column":47}},{"start":{"line":112,"column":4},"end":{"line":112,"column":39}},{"start":{"line":113,"column":4},"end":{"line":113,"column":49}},{"start":{"line":114,"column":4},"end":{"line":114,"column":43}},{"start":{"line":115,"column":4},"end":{"line":115,"column":39}},{"start":{"line":116,"column":4},"end":{"line":116,"column":43}}],"line":104},"2":{"loc":{"start":{"line":176,"column":2},"end":{"line":189,"column":3}},"type":"switch","locations":[{"start":{"line":177,"column":4},"end":{"line":178,"column":69}},{"start":{"line":179,"column":4},"end":{"line":184,"column":8}},{"start":{"line":185,"column":4},"end":{"line":186,"column":16}},{"start":{"line":187,"column":4},"end":{"line":188,"column":16}}],"line":176}},"s":{"0":1,"1":17,"2":4,"3":3,"4":4,"5":2,"6":2,"7":2,"8":12,"9":1,"10":1,"11":1,"12":1,"13":1,"14":1,"15":1,"16":1,"17":1,"18":1,"19":1,"20":1,"21":4,"22":1,"23":1,"24":1,"25":1,"26":3,"27":8},"f":{"0":17,"1":12,"2":4,"3":3,"4":8},"b":{"0":[1,2,3,4,1,2,3,1,2,3,4,1,2,1,2,1,2],"1":[1,1,1,1,1,1,1,1,1,1,1,1],"2":[1,1,1,1]},"_coverageSchema":"1a1c01bbd47fc00a2c39e90264f33305004495a9","hash":"b10c045cae503c537c98509f6afadbc5aeb2f8af"}
}
