TN:
SF:src/auth/AuthContext.tsx
FN:43,SessionProvider
FN:50,(anonymous_1)
FN:51,(anonymous_2)
FN:62,(anonymous_3)
FN:87,useSession
FNF:5
FNH:5
FNDA:9,SessionProvider
FNDA:5,(anonymous_1)
FNDA:4,(anonymous_2)
FNDA:1,(anonymous_3)
FNDA:9,useSession
DA:32,1
DA:47,9
DA:48,9
DA:50,9
DA:51,5
DA:52,4
DA:53,4
DA:54,4
DA:55,0
DA:59,5
DA:62,9
DA:63,1
DA:64,1
DA:67,9
DA:74,9
DA:88,9
DA:89,8
DA:90,2
DA:95,6
LF:19
LH:18
BRDA:54,0,0,0
BRDA:54,0,1,4
BRDA:54,1,0,4
BRDA:54,1,1,2
BRDA:89,2,0,2
BRDA:89,2,1,6
BRF:6
BRH:5
end_of_record
TN:
SF:src/auth/authErrors.ts
FN:22,getAuthErrorMessage
FNF:1
FNH:1
FNDA:1,getAuthErrorMessage
DA:6,4
DA:16,4
DA:23,1
DA:24,1
DA:25,1
DA:27,0
LF:6
LH:5
BRDA:23,0,0,1
BRDA:23,0,1,0
BRDA:23,1,0,1
BRDA:23,1,1,1
BRDA:23,1,2,1
BRDA:25,2,0,1
BRDA:25,2,1,0
BRF:7
BRH:5
end_of_record
TN:
SF:src/auth/useAppleSignIn.ts
FN:23,useAppleSignIn
FN:27,(anonymous_1)
FNF:2
FNH:2
FNDA:8,useAppleSignIn
FNDA:4,(anonymous_1)
DA:24,8
DA:25,8
DA:27,8
DA:28,4
DA:29,4
DA:30,4
DA:31,4
DA:38,4
DA:42,4
DA:45,4
DA:48,4
DA:49,4
DA:52,4
DA:55,4
DA:57,0
DA:58,0
DA:59,0
DA:61,4
DA:65,8
LF:19
LH:16
BRDA:48,0,0,4
BRDA:48,0,1,0
BRF:2
BRH:1
end_of_record
TN:
SF:src/auth/useEmailAuth.ts
FN:18,useEmailAuth
FN:23,(anonymous_1)
FN:41,(anonymous_2)
FNF:3
FNH:3
FNDA:10,useEmailAuth
FNDA:2,(anonymous_1)
FNDA:3,(anonymous_2)
DA:19,10
DA:20,10
DA:22,10
DA:24,2
DA:25,2
DA:26,2
DA:27,2
DA:28,1
DA:29,1
DA:31,1
DA:32,1
DA:34,2
DA:40,10
DA:42,3
DA:43,3
DA:44,3
DA:45,3
DA:46,3
DA:48,1
DA:49,1
DA:50,1
DA:52,1
DA:54,2
DA:57,1
DA:58,1
DA:60,0
DA:61,0
DA:63,3
DA:69,10
LF:29
LH:27
BRDA:46,0,0,1
BRDA:46,0,1,2
BRDA:57,1,0,1
BRDA:57,1,1,0
BRDA:57,2,0,1
BRDA:57,2,1,1
BRF:6
BRH:5
end_of_record
TN:
SF:src/auth/useGoogleSignIn.ts
FN:18,useGoogleSignIn
FN:22,(anonymous_1)
FNF:2
FNH:2
FNDA:8,useGoogleSignIn
FNDA:4,(anonymous_1)
DA:19,8
DA:20,8
DA:22,8
DA:23,4
DA:24,4
DA:25,4
DA:27,4
DA:32,4
DA:37,4
DA:38,4
DA:40,4
DA:41,0
DA:45,4
DA:46,4
DA:48,4
DA:50,0
DA:51,0
DA:52,0
DA:54,4
DA:58,8
LF:20
LH:16
BRDA:40,0,0,0
BRDA:40,0,1,4
BRF:2
BRH:1
end_of_record
TN:
SF:src/auth/useGuestSignIn.ts
FN:19,useGuestSignIn
FN:23,(anonymous_1)
FN:38,(anonymous_2)
FNF:3
FNH:3
FNDA:6,useGuestSignIn
FNDA:2,(anonymous_1)
FNDA:1,(anonymous_2)
DA:20,6
DA:21,6
DA:23,6
DA:24,2
DA:25,2
DA:26,2
DA:27,2
DA:28,2
DA:30,0
DA:31,0
DA:33,2
DA:37,6
DA:39,1
DA:40,1
DA:41,1
DA:44,1
DA:45,1
DA:47,0
DA:48,0
DA:50,1
DA:56,6
LF:21
LH:17
BRF:0
BRH:0
end_of_record
TN:
SF:src/components/AuthButton.tsx
FN:39,AuthButton
FNF:1
FNH:1
FNDA:8,AuthButton
DA:48,8
DA:51,8
DA:60,8
DA:68,8
DA:104,1
LF:5
LH:5
BRDA:46,0,0,7
BRDA:48,1,0,8
BRDA:48,1,1,7
BRDA:53,2,0,8
BRDA:53,2,1,6
BRDA:54,3,0,8
BRDA:54,3,1,1
BRDA:55,4,0,8
BRDA:55,4,1,1
BRDA:56,5,0,8
BRDA:56,5,1,3
BRDA:56,5,2,3
BRDA:62,6,0,8
BRDA:62,6,1,6
BRDA:63,7,0,8
BRDA:63,7,1,1
BRDA:64,8,0,8
BRDA:64,8,1,1
BRDA:65,9,0,8
BRDA:65,9,1,3
BRDA:79,10,0,2
BRDA:79,10,1,6
BRDA:81,11,0,2
BRDA:81,11,1,0
BRDA:87,12,0,6
BRDA:87,12,1,0
BRDA:93,13,0,8
BRDA:93,13,1,1
BRDA:93,13,2,1
BRF:29
BRH:27
end_of_record
TN:
SF:src/components/OfflineBanner.tsx
FN:18,OfflineBanner
FN:21,(anonymous_1)
FN:25,(anonymous_2)
FN:31,(anonymous_3)
FNF:4
FNH:0
FNDA:0,OfflineBanner
FNDA:0,(anonymous_1)
FNDA:0,(anonymous_2)
FNDA:0,(anonymous_3)
DA:19,0
DA:21,0
DA:22,0
DA:25,0
DA:26,0
DA:27,0
DA:31,0
DA:32,0
DA:36,0
DA:37,0
DA:40,0
DA:51,0
LF:12
LH:0
BRDA:26,0,0,0
BRDA:26,0,1,0
BRDA:27,1,0,0
BRDA:27,1,1,0
BRDA:36,2,0,0
BRDA:36,2,1,0
BRF:6
BRH:0
end_of_record
TN:
SF:src/entitlements/useEntitlements.ts
FN:20,useEntitlements
FN:24,(anonymous_1)
FN:35,checkEntitlements
FN:59,(anonymous_3)
FNF:4
FNH:0
FNDA:0,useEntitlements
FNDA:0,(anonymous_1)
FNDA:0,checkEntitlements
FNDA:0,(anonymous_3)
DA:13,0
DA:21,0
DA:22,0
DA:24,0
DA:27,0
DA:28,0
DA:29,0
DA:30,0
DA:33,0
DA:36,0
DA:39,0
DA:40,0
DA:41,0
DA:42,0
DA:43,0
DA:47,0
DA:48,0
DA:51,0
DA:52,0
DA:57,0
DA:59,0
DA:60,0
DA:64,0
LF:23
LH:0
BRDA:27,0,0,0
BRDA:27,0,1,0
BRDA:41,1,0,0
BRDA:41,1,1,0
BRDA:42,2,0,0
BRDA:42,2,1,0
BRDA:47,3,0,0
BRDA:47,3,1,0
BRDA:51,4,0,0
BRDA:51,4,1,0
BRF:10
BRH:0
end_of_record
TN:
SF:src/firebase/app.ts
FN:17,initializeFirebaseWeb
FNF:1
FNH:0
FNDA:0,initializeFirebaseWeb
DA:10,0
DA:18,0
DA:22,0
DA:29,0
DA:30,0
LF:5
LH:0
BRDA:18,0,0,0
BRDA:18,0,1,0
BRDA:29,1,0,0
BRDA:29,1,1,0
BRDA:29,2,0,0
BRDA:29,2,1,0
BRF:6
BRH:0
end_of_record
TN:
SF:src/firebase/auth.native.ts
FN:18,getAuthInstance
FN:26,onAuthStateChanged
FN:35,signInWithCredential
FN:45,signInWithEmailAndPassword
FN:56,createUserWithEmailAndPassword
FN:67,signInAnonymously
FN:75,signOut
FN:82,getCurrentUser
FNF:8
FNH:0
FNDA:0,getAuthInstance
FNDA:0,onAuthStateChanged
FNDA:0,signInWithCredential
FNDA:0,signInWithEmailAndPassword
FNDA:0,createUserWithEmailAndPassword
FNDA:0,signInAnonymously
FNDA:0,signOut
FNDA:0,getCurrentUser
DA:19,0
DA:29,0
DA:38,0
DA:39,0
DA:49,0
DA:50,0
DA:60,0
DA:61,0
DA:68,0
DA:69,0
DA:76,0
DA:83,0
DA:87,0
DA:88,0
LF:14
LH:0
BRF:0
BRH:0
end_of_record
TN:
SF:src/firebase/auth.web.ts
FN:30,getFirebaseApp
FN:48,getAuthInstance
FN:56,onAuthStateChanged
FN:65,signInWithCredential
FN:75,signInWithEmailAndPassword
FN:86,createUserWithEmailAndPassword
FN:97,signInAnonymously
FN:105,signOut
FN:112,getCurrentUser
FN:118,(anonymous_9)
FN:125,(anonymous_10)
FNF:11
FNH:0
FNDA:0,getFirebaseApp
FNDA:0,getAuthInstance
FNDA:0,onAuthStateChanged
FNDA:0,signInWithCredential
FNDA:0,signInWithEmailAndPassword
FNDA:0,createUserWithEmailAndPassword
FNDA:0,signInAnonymously
FNDA:0,signOut
FNDA:0,getCurrentUser
FNDA:0,(anonymous_9)
FNDA:0,(anonymous_10)
DA:31,0
DA:32,0
DA:33,0
DA:36,0
DA:42,0
DA:49,0
DA:59,0
DA:68,0
DA:69,0
DA:79,0
DA:80,0
DA:90,0
DA:91,0
DA:98,0
DA:99,0
DA:106,0
DA:113,0
DA:117,0
DA:119,0
DA:120,0
DA:124,0
DA:125,0
LF:22
LH:0
BRDA:32,0,0,0
BRDA:32,0,1,0
BRDA:37,1,0,0
BRDA:37,1,1,0
BRDA:38,2,0,0
BRDA:38,2,1,0
BRDA:39,3,0,0
BRDA:39,3,1,0
BRF:8
BRH:0
end_of_record
TN:
SF:src/firebase/firestore.ts
FN:33,getFirestoreInstance
FNF:1
FNH:0
FNDA:0,getFirestoreInstance
DA:15,0
DA:34,0
DA:37,0
DA:39,0
DA:40,0
DA:44,0
DA:45,0
LF:7
LH:0
BRDA:34,0,0,0
BRDA:34,0,1,0
BRF:2
BRH:0
end_of_record
TN:
SF:src/repositories/FirestoreUserRepo.ts
FN:16,(anonymous_0)
FN:27,(anonymous_1)
FN:38,(anonymous_2)
FNF:3
FNH:3
FNDA:1,(anonymous_0)
FNDA:2,(anonymous_1)
FNDA:1,(anonymous_2)
DA:17,1
DA:28,2
DA:29,2
DA:30,1
DA:32,1
DA:39,1
LF:6
LH:6
BRDA:29,0,0,1
BRDA:29,0,1,1
BRF:2
BRH:2
end_of_record
TN:
SF:src/repositories/LocalUserRepo.ts
FN:16,(anonymous_0)
FN:26,(anonymous_1)
FN:37,(anonymous_2)
FNF:3
FNH:3
FNDA:1,(anonymous_0)
FNDA:2,(anonymous_1)
FNDA:1,(anonymous_2)
DA:10,1
DA:17,1
DA:27,2
DA:28,2
DA:29,1
DA:31,1
DA:38,1
LF:7
LH:7
BRDA:28,0,0,1
BRDA:28,0,1,1
BRF:2
BRH:2
end_of_record
TN:
SF:src/repositories/UserRepository.ts
FNF:0
FNH:0
LF:0
LH:0
BRF:0
BRH:0
end_of_record
TN:
SF:src/theme/colors.ts
FNF:0
FNH:0
DA:11,2
DA:14,2
DA:17,2
DA:22,2
DA:25,2
DA:28,2
DA:31,2
DA:34,2
DA:37,2
DA:40,2
DA:43,2
DA:48,2
DA:51,2
DA:54,2
DA:57,2
DA:60,2
DA:63,2
DA:66,2
DA:69,2
LF:19
LH:19
BRF:0
BRH:0
end_of_record
TN:
SF:src/theme/typography.ts
FNF:0
FNH:0
DA:12,1
DA:46,1
DA:71,1
DA:79,1
DA:96,1
LF:5
LH:5
BRF:0
BRH:0
end_of_record
