TN:
SF:src/auth/AuthContext.tsx
FN:46,SessionProvider
FN:53,(anonymous_1)
FN:54,(anonymous_2)
FN:65,(anonymous_3)
FN:90,useSession
FNF:5
FNH:5
FNDA:9,SessionProvider
FNDA:5,(anonymous_1)
FNDA:4,(anonymous_2)
FNDA:1,(anonymous_3)
FNDA:9,useSession
DA:35,1
DA:50,9
DA:51,9
DA:53,9
DA:54,5
DA:55,4
DA:56,4
DA:57,4
DA:58,0
DA:62,5
DA:65,9
DA:66,1
DA:67,1
DA:70,9
DA:77,9
DA:91,9
DA:92,8
DA:93,2
DA:98,6
LF:19
LH:18
BRDA:57,0,0,0
BRDA:57,0,1,4
BRDA:57,1,0,4
BRDA:57,1,1,2
BRDA:92,2,0,2
BRDA:92,2,1,6
BRF:6
BRH:5
end_of_record
TN:
SF:src/auth/authErrors.ts
FN:22,getAuthErrorMessage
FNF:1
FNH:1
FNDA:1,getAuthErrorMessage
DA:6,4
DA:16,4
DA:23,1
DA:24,1
DA:25,1
DA:27,0
LF:6
LH:5
BRDA:23,0,0,1
BRDA:23,0,1,0
BRDA:23,1,0,1
BRDA:23,1,1,1
BRDA:23,1,2,1
BRDA:25,2,0,1
BRDA:25,2,1,0
BRF:7
BRH:5
end_of_record
TN:
SF:src/auth/useAppleSignIn.ts
FN:26,useAppleSignIn
FN:30,(anonymous_1)
FNF:2
FNH:2
FNDA:8,useAppleSignIn
FNDA:4,(anonymous_1)
DA:27,8
DA:28,8
DA:30,8
DA:31,4
DA:32,4
DA:33,4
DA:34,4
DA:41,4
DA:45,4
DA:48,4
DA:51,4
DA:52,4
DA:55,4
DA:58,4
DA:60,0
DA:61,0
DA:62,0
DA:64,4
DA:68,8
LF:19
LH:16
BRDA:51,0,0,4
BRDA:51,0,1,0
BRF:2
BRH:1
end_of_record
TN:
SF:src/auth/useEmailAuth.ts
FN:23,useEmailAuth
FN:28,(anonymous_1)
FN:46,(anonymous_2)
FNF:3
FNH:3
FNDA:10,useEmailAuth
FNDA:2,(anonymous_1)
FNDA:3,(anonymous_2)
DA:24,10
DA:25,10
DA:27,10
DA:29,2
DA:30,2
DA:31,2
DA:32,2
DA:33,1
DA:34,1
DA:36,1
DA:37,1
DA:39,2
DA:45,10
DA:47,3
DA:48,3
DA:49,3
DA:50,3
DA:51,3
DA:53,1
DA:54,1
DA:55,1
DA:57,1
DA:59,2
DA:62,1
DA:63,1
DA:65,0
DA:66,0
DA:68,3
DA:74,10
LF:29
LH:27
BRDA:51,0,0,1
BRDA:51,0,1,2
BRDA:62,1,0,1
BRDA:62,1,1,0
BRDA:62,2,0,1
BRDA:62,2,1,1
BRF:6
BRH:5
end_of_record
TN:
SF:src/auth/useGoogleSignIn.ts
FN:21,useGoogleSignIn
FN:25,(anonymous_1)
FNF:2
FNH:2
FNDA:8,useGoogleSignIn
FNDA:4,(anonymous_1)
DA:22,8
DA:23,8
DA:25,8
DA:26,4
DA:27,4
DA:28,4
DA:30,4
DA:35,4
DA:40,4
DA:41,4
DA:43,4
DA:44,0
DA:48,4
DA:49,4
DA:51,4
DA:53,0
DA:54,0
DA:55,0
DA:57,4
DA:61,8
LF:20
LH:16
BRDA:43,0,0,0
BRDA:43,0,1,4
BRF:2
BRH:1
end_of_record
TN:
SF:src/auth/useGuestSignIn.ts
FN:24,useGuestSignIn
FN:28,(anonymous_1)
FN:43,(anonymous_2)
FNF:3
FNH:3
FNDA:6,useGuestSignIn
FNDA:2,(anonymous_1)
FNDA:1,(anonymous_2)
DA:25,6
DA:26,6
DA:28,6
DA:29,2
DA:30,2
DA:31,2
DA:32,2
DA:33,2
DA:35,0
DA:36,0
DA:38,2
DA:42,6
DA:44,1
DA:45,1
DA:46,1
DA:47,1
DA:48,1
DA:49,0
DA:53,1
DA:54,1
DA:56,0
DA:57,0
DA:59,1
DA:65,6
LF:24
LH:19
BRDA:48,0,0,0
BRDA:48,0,1,1
BRF:2
BRH:1
end_of_record
TN:
SF:src/components/AuthButton.tsx
FN:39,AuthButton
FNF:1
FNH:1
FNDA:8,AuthButton
DA:48,8
DA:51,8
DA:60,8
DA:68,8
DA:104,1
LF:5
LH:5
BRDA:46,0,0,7
BRDA:48,1,0,8
BRDA:48,1,1,7
BRDA:53,2,0,8
BRDA:53,2,1,6
BRDA:54,3,0,8
BRDA:54,3,1,1
BRDA:55,4,0,8
BRDA:55,4,1,1
BRDA:56,5,0,8
BRDA:56,5,1,3
BRDA:56,5,2,3
BRDA:62,6,0,8
BRDA:62,6,1,6
BRDA:63,7,0,8
BRDA:63,7,1,1
BRDA:64,8,0,8
BRDA:64,8,1,1
BRDA:65,9,0,8
BRDA:65,9,1,3
BRDA:79,10,0,2
BRDA:79,10,1,6
BRDA:81,11,0,2
BRDA:81,11,1,0
BRDA:87,12,0,6
BRDA:87,12,1,0
BRDA:93,13,0,8
BRDA:93,13,1,1
BRDA:93,13,2,1
BRF:29
BRH:27
end_of_record
TN:
SF:src/components/OfflineBanner.tsx
FN:18,OfflineBanner
FN:21,(anonymous_1)
FN:25,(anonymous_2)
FN:31,(anonymous_3)
FNF:4
FNH:0
FNDA:0,OfflineBanner
FNDA:0,(anonymous_1)
FNDA:0,(anonymous_2)
FNDA:0,(anonymous_3)
DA:19,0
DA:21,0
DA:22,0
DA:25,0
DA:26,0
DA:27,0
DA:31,0
DA:32,0
DA:36,0
DA:37,0
DA:40,0
DA:51,0
LF:12
LH:0
BRDA:26,0,0,0
BRDA:26,0,1,0
BRDA:27,1,0,0
BRDA:27,1,1,0
BRDA:36,2,0,0
BRDA:36,2,1,0
BRF:6
BRH:0
end_of_record
TN:
SF:src/domain/index.ts
FNF:0
FNH:0
LF:0
LH:0
BRF:0
BRH:0
end_of_record
TN:
SF:src/domain/ai-workout/generated-workout.ts
FN:57,getEquipmentType
FN:97,totalEstimatedMinutes
FN:98,(anonymous_2)
FN:110,extractMuscleGroups
FN:165,stripHealthReferences
FN:182,strippedForSharing
FN:183,(anonymous_6)
FNF:7
FNH:7
FNDA:113,getEquipmentType
FNDA:3,totalEstimatedMinutes
FNDA:3,(anonymous_2)
FNDA:13,extractMuscleGroups
FNDA:5,stripHealthReferences
FNDA:5,strippedForSharing
FNDA:5,(anonymous_6)
DA:58,113
DA:59,113
DA:65,3
DA:67,110
DA:73,57
DA:75,53
DA:88,26
DA:90,27
DA:98,3
DA:99,3
DA:100,3
DA:101,3
DA:103,3
DA:111,13
DA:112,13
DA:113,14
DA:114,14
DA:115,2
DA:117,14
DA:118,3
DA:120,14
DA:126,1
DA:128,14
DA:129,3
DA:131,14
DA:135,1
DA:137,14
DA:138,1
DA:140,14
DA:141,1
DA:143,14
DA:149,1
DA:151,14
DA:152,1
DA:154,14
DA:155,1
DA:158,13
DA:166,5
DA:167,5
DA:171,5
DA:172,10
DA:174,5
DA:183,5
DA:189,5
LF:44
LH:44
BRDA:59,0,0,3
BRDA:59,0,1,110
BRDA:60,1,0,113
BRDA:60,1,1,110
BRDA:60,1,2,110
BRDA:60,1,3,110
BRDA:67,2,0,57
BRDA:67,2,1,53
BRDA:68,3,0,110
BRDA:68,3,1,78
BRDA:68,3,2,78
BRDA:68,3,3,55
BRDA:75,4,0,26
BRDA:75,4,1,27
BRDA:76,5,0,53
BRDA:76,5,1,52
BRDA:76,5,2,51
BRDA:76,5,3,29
BRDA:76,5,4,29
BRDA:76,5,5,28
BRDA:76,5,6,27
BRDA:76,5,7,27
BRDA:76,5,8,27
BRDA:76,5,9,27
BRDA:76,5,10,27
BRDA:100,6,0,3
BRDA:100,6,1,1
BRDA:114,7,0,2
BRDA:114,7,1,12
BRDA:114,8,0,14
BRDA:114,8,1,12
BRDA:114,8,2,12
BRDA:117,9,0,3
BRDA:117,9,1,11
BRDA:117,10,0,14
BRDA:117,10,1,12
BRDA:117,10,2,11
BRDA:120,11,0,1
BRDA:120,11,1,13
BRDA:121,12,0,14
BRDA:121,12,1,13
BRDA:121,12,2,13
BRDA:121,12,3,13
BRDA:128,13,0,3
BRDA:128,13,1,11
BRDA:128,14,0,14
BRDA:128,14,1,12
BRDA:128,14,2,12
BRDA:131,15,0,1
BRDA:131,15,1,13
BRDA:132,16,0,14
BRDA:132,16,1,2
BRDA:132,16,2,1
BRDA:132,16,3,1
BRDA:137,17,0,1
BRDA:137,17,1,13
BRDA:137,18,0,14
BRDA:137,18,1,13
BRDA:140,19,0,1
BRDA:140,19,1,13
BRDA:140,20,0,14
BRDA:140,20,1,13
BRDA:140,20,2,13
BRDA:143,21,0,1
BRDA:143,21,1,13
BRDA:144,22,0,14
BRDA:144,22,1,14
BRDA:144,22,2,13
BRDA:144,22,3,13
BRDA:151,23,0,1
BRDA:151,23,1,13
BRDA:154,24,0,1
BRDA:154,24,1,13
BRDA:154,25,0,14
BRDA:154,25,1,14
BRDA:154,25,2,13
BRF:76
BRH:76
end_of_record
TN:
SF:src/domain/ai-workout/index.ts
FNF:0
FNH:0
LF:0
LH:0
BRF:0
BRH:0
end_of_record
TN:
SF:src/domain/ai-workout/offline-workout-generator.ts
FN:40,makeTemplate
FN:128,selectTemplates
FN:174,filterForEquipment
FN:178,(anonymous_3)
FN:198,scaleForTime
FN:216,withSnappedWeight
FN:233,defaultPercentage
FN:240,applyWeights
FN:245,(anonymous_8)
FN:247,(anonymous_9)
FN:290,applyEnergyLevel
FN:309,(anonymous_11)
FN:340,contraindicatedKeywords
FN:348,findSubstitute
FN:352,(anonymous_14)
FN:353,(anonymous_15)
FN:358,applyInjurySubstitutions
FN:364,(anonymous_17)
FN:366,(anonymous_18)
FN:368,(anonymous_19)
FN:369,(anonymous_20)
FN:393,applyCyclePhase
FN:433,(anonymous_22)
FN:444,buildCoachingSummary
FN:472,(anonymous_24)
FN:498,generateOfflineWorkout
FNF:26
FNH:26
FNDA:90,makeTemplate
FNDA:56,selectTemplates
FNDA:56,filterForEquipment
FNDA:663,(anonymous_3)
FNDA:36,scaleForTime
FNDA:221,withSnappedWeight
FNDA:19,defaultPercentage
FNDA:39,applyWeights
FNDA:16,(anonymous_8)
FNDA:196,(anonymous_9)
FNDA:31,applyEnergyLevel
FNDA:12,(anonymous_11)
FNDA:28,contraindicatedKeywords
FNDA:7,findSubstitute
FNDA:4,(anonymous_14)
FNDA:14,(anonymous_15)
FNDA:31,applyInjurySubstitutions
FNDA:5,(anonymous_17)
FNDA:24,(anonymous_18)
FNDA:24,(anonymous_19)
FNDA:53,(anonymous_20)
FNDA:31,applyCyclePhase
FNDA:42,(anonymous_22)
FNDA:37,buildCoachingSummary
FNDA:5,(anonymous_24)
FNDA:31,generateOfflineWorkout
DA:44,90
DA:61,2
DA:74,2
DA:87,2
DA:97,2
DA:106,2
DA:115,2
DA:133,56
DA:135,13
DA:136,13
DA:138,19
DA:139,19
DA:141,2
DA:142,2
DA:144,2
DA:145,2
DA:147,3
DA:148,3
DA:150,1
DA:151,1
DA:153,3
DA:154,3
DA:156,9
DA:157,9
DA:159,1
DA:160,1
DA:162,1
DA:163,1
DA:165,1
DA:166,1
DA:168,1
DA:169,1
DA:171,56
DA:178,56
DA:179,663
DA:181,521
DA:183,26
DA:185,10
DA:187,96
DA:189,10
DA:202,36
DA:203,35
DA:204,35
DA:205,35
DA:206,35
DA:217,221
DA:218,120
DA:220,101
DA:221,101
DA:223,21
DA:225,54
DA:227,2
DA:229,24
DA:234,19
DA:235,3
DA:236,2
DA:237,1
DA:245,39
DA:247,39
DA:248,196
DA:249,196
DA:250,154
DA:251,73
DA:252,73
DA:253,14
DA:254,14
DA:255,14
DA:258,59
DA:260,1
DA:261,58
DA:262,1
DA:264,81
DA:265,59
DA:266,22
DA:267,1
DA:271,196
DA:282,196
DA:295,31
DA:297,1
DA:298,1
DA:300,29
DA:301,29
DA:303,1
DA:304,1
DA:307,31
DA:309,2
DA:310,12
DA:311,5
DA:312,5
DA:320,2
DA:330,2
DA:341,28
DA:342,28
DA:343,90
DA:345,6
DA:349,7
DA:350,7
DA:351,4
DA:352,4
DA:353,14
DA:355,4
DA:362,31
DA:364,5
DA:366,5
DA:367,24
DA:368,24
DA:369,53
DA:372,24
DA:373,7
DA:374,7
DA:375,2
DA:383,17
DA:385,24
DA:398,31
DA:401,11
DA:403,2
DA:404,2
DA:406,4
DA:407,4
DA:409,3
DA:410,3
DA:412,1
DA:413,1
DA:415,1
DA:419,11
DA:421,1
DA:422,1
DA:424,1
DA:425,1
DA:427,9
DA:430,11
DA:431,11
DA:433,7
DA:434,42
DA:435,20
DA:436,20
DA:449,37
DA:451,37
DA:452,37
DA:456,37
DA:458,2
DA:459,2
DA:461,2
DA:462,2
DA:464,33
DA:467,37
DA:468,11
DA:471,37
DA:472,5
DA:473,5
DA:476,37
DA:477,6
DA:478,6
DA:483,37
DA:484,1
DA:487,37
DA:499,31
DA:500,31
DA:501,31
DA:502,31
DA:503,31
DA:504,31
DA:505,31
DA:507,31
DA:509,31
LF:165
LH:165
BRDA:42,0,0,0
BRDA:46,1,0,90
BRDA:46,1,1,0
BRDA:47,2,0,90
BRDA:47,2,1,0
BRDA:48,3,0,90
BRDA:48,3,1,0
BRDA:49,4,0,90
BRDA:49,4,1,54
BRDA:50,5,0,90
BRDA:50,5,1,0
BRDA:51,6,0,90
BRDA:51,6,1,66
BRDA:52,7,0,90
BRDA:52,7,1,66
BRDA:53,8,0,90
BRDA:53,8,1,74
BRDA:133,9,0,13
BRDA:133,9,1,19
BRDA:133,9,2,2
BRDA:133,9,3,2
BRDA:133,9,4,3
BRDA:133,9,5,1
BRDA:133,9,6,3
BRDA:133,9,7,9
BRDA:133,9,8,1
BRDA:133,9,9,1
BRDA:133,9,10,1
BRDA:133,9,11,1
BRDA:179,10,0,521
BRDA:179,10,1,26
BRDA:179,10,2,10
BRDA:179,10,3,96
BRDA:179,10,4,10
BRDA:202,11,0,1
BRDA:202,11,1,35
BRDA:217,12,0,120
BRDA:217,12,1,101
BRDA:217,13,0,221
BRDA:217,13,1,101
BRDA:217,13,2,101
BRDA:221,14,0,21
BRDA:221,14,1,54
BRDA:221,14,2,2
BRDA:221,14,3,24
BRDA:234,15,0,16
BRDA:234,15,1,3
BRDA:234,16,0,19
BRDA:234,16,1,4
BRDA:235,17,0,1
BRDA:235,17,1,2
BRDA:235,18,0,3
BRDA:235,18,1,2
BRDA:236,19,0,1
BRDA:236,19,1,1
BRDA:236,20,0,2
BRDA:236,20,1,1
BRDA:249,21,0,154
BRDA:249,21,1,42
BRDA:250,22,0,73
BRDA:250,22,1,81
BRDA:252,23,0,14
BRDA:252,23,1,59
BRDA:255,24,0,14
BRDA:255,24,1,0
BRDA:258,25,0,1
BRDA:258,25,1,58
BRDA:261,26,0,1
BRDA:261,26,1,57
BRDA:264,27,0,59
BRDA:264,27,1,22
BRDA:266,28,0,1
BRDA:266,28,1,21
BRDA:295,29,0,1
BRDA:295,29,1,29
BRDA:295,29,2,1
BRDA:307,30,0,29
BRDA:307,30,1,2
BRDA:310,31,0,7
BRDA:310,31,1,5
BRDA:343,32,0,22
BRDA:343,32,1,68
BRDA:350,33,0,3
BRDA:350,33,1,4
BRDA:355,34,0,2
BRDA:355,34,1,2
BRDA:362,35,0,26
BRDA:362,35,1,5
BRDA:372,36,0,7
BRDA:372,36,1,17
BRDA:374,37,0,2
BRDA:374,37,1,5
BRDA:398,38,0,20
BRDA:398,38,1,11
BRDA:401,39,0,2
BRDA:401,39,1,4
BRDA:401,39,2,3
BRDA:401,39,3,1
BRDA:401,39,4,1
BRDA:419,40,0,1
BRDA:419,40,1,1
BRDA:419,40,2,9
BRDA:431,41,0,4
BRDA:431,41,1,7
BRDA:434,42,0,22
BRDA:434,42,1,20
BRDA:447,43,0,3
BRDA:456,44,0,2
BRDA:456,44,1,2
BRDA:456,44,2,33
BRDA:467,45,0,11
BRDA:467,45,1,26
BRDA:471,46,0,5
BRDA:471,46,1,32
BRDA:476,47,0,6
BRDA:476,47,1,31
BRDA:477,48,0,2
BRDA:477,48,1,4
BRDA:483,49,0,1
BRDA:483,49,1,36
BRDA:521,50,0,31
BRDA:521,50,1,0
BRF:122
BRH:115
end_of_record
TN:
SF:src/domain/ai-workout/workout-generation-context.ts
FNF:0
FNH:0
LF:0
LH:0
BRF:0
BRH:0
end_of_record
TN:
SF:src/domain/benchmarks/benchmark-catalog.ts
FN:42,encodeRoundsAndReps
FN:50,decodeRoundsAndReps
FN:61,makeDef
FN:80,(anonymous_3)
FN:84,add
FN:148,getBenchmarkCategoryGroups
FN:149,(anonymous_6)
FN:150,(anonymous_7)
FNF:8
FNH:8
FNDA:16,encodeRoundsAndReps
FNDA:13,decodeRoundsAndReps
FNDA:52,makeDef
FNDA:2,(anonymous_3)
FNDA:52,add
FNDA:2,getBenchmarkCategoryGroups
FNDA:10,(anonymous_6)
FNDA:260,(anonymous_7)
DA:18,2
DA:19,2
DA:20,2
DA:21,2
DA:22,2
DA:25,2
DA:43,16
DA:51,13
DA:52,13
DA:53,13
DA:68,52
DA:80,2
DA:81,2
DA:82,2
DA:90,52
DA:91,52
DA:95,2
DA:96,2
DA:97,2
DA:98,2
DA:99,2
DA:100,2
DA:101,2
DA:104,2
DA:105,2
DA:108,2
DA:109,2
DA:110,2
DA:111,2
DA:112,2
DA:113,2
DA:116,2
DA:117,2
DA:118,2
DA:119,2
DA:122,2
DA:123,2
DA:124,2
DA:125,2
DA:128,2
DA:129,2
DA:130,2
DA:132,2
DA:149,2
DA:150,260
DA:151,10
DA:152,10
DA:154,10
LF:48
LH:48
BRDA:151,0,0,10
BRDA:151,0,1,0
BRF:2
BRH:1
end_of_record
TN:
SF:src/domain/benchmarks/index.ts
FNF:0
FNH:0
LF:0
LH:0
BRF:0
BRH:0
end_of_record
TN:
SF:src/domain/calculations/barbell-defaults.ts
FN:54,suggestedPresetName
FN:57,(anonymous_1)
FN:61,(anonymous_2)
FNF:3
FNH:3
FNDA:12,suggestedPresetName
FNDA:33,(anonymous_1)
FNDA:44,(anonymous_2)
DA:22,2
DA:33,2
DA:34,2
DA:55,12
DA:57,33
DA:58,3
DA:61,44
DA:62,6
DA:65,3
LF:9
LH:9
BRDA:57,0,0,3
BRDA:57,0,1,9
BRDA:61,1,0,6
BRDA:61,1,1,3
BRDA:62,2,0,3
BRDA:62,2,1,3
BRF:6
BRH:6
end_of_record
TN:
SF:src/domain/calculations/epley-formula.ts
FN:16,estimated1RM
FN:28,isPR
FNF:2
FNH:2
FNDA:84,estimated1RM
FNDA:4,isPR
DA:17,84
DA:18,71
DA:29,4
DA:30,3
LF:4
LH:4
BRDA:17,0,0,13
BRDA:17,0,1,71
BRDA:29,1,0,1
BRDA:29,1,1,3
BRF:4
BRH:4
end_of_record
TN:
SF:src/domain/calculations/index.ts
FNF:0
FNH:0
LF:0
LH:0
BRF:0
BRH:0
end_of_record
TN:
SF:src/domain/calculations/plate-calculation.ts
FN:34,(anonymous_0)
FN:57,platesPerSideLb
FN:82,platesPerSideKg
FNF:3
FNH:3
FNDA:12,(anonymous_0)
FNDA:7,platesPerSideLb
FNDA:3,platesPerSideKg
DA:16,2
DA:18,2
DA:21,2
DA:23,2
DA:30,2
DA:33,2
DA:34,12
DA:58,7
DA:59,5
DA:60,5
DA:62,5
DA:63,30
DA:64,6
DA:65,6
DA:66,6
DA:67,6
DA:71,5
DA:83,3
DA:84,2
DA:85,2
DA:87,2
DA:88,12
DA:89,5
DA:90,5
DA:91,5
DA:92,5
DA:96,2
LF:27
LH:27
BRDA:57,0,0,1
BRDA:58,1,0,2
BRDA:58,1,1,5
BRDA:63,2,0,24
BRDA:63,2,1,6
BRDA:65,3,0,6
BRDA:65,3,1,0
BRDA:82,4,0,1
BRDA:83,5,0,1
BRDA:83,5,1,2
BRDA:88,6,0,7
BRDA:88,6,1,5
BRDA:90,7,0,5
BRDA:90,7,1,0
BRF:14
BRH:12
end_of_record
TN:
SF:src/domain/calculations/weight-calculations.ts
FN:29,roundToNearestFive
FN:44,snapBarbellWeightLb
FN:57,snapBarbellWeightKg
FN:70,snapDumbbellWeightLb
FN:72,(anonymous_4)
FN:81,snapKettlebellWeightLb
FN:83,(anonymous_6)
FN:96,calculateTargetWeight
FN:108,isPersonalRecord
FN:115,calculateVolumeLoad
FN:122,detectPlateau
FNF:11
FNH:11
FNDA:46,roundToNearestFive
FNDA:49,snapBarbellWeightLb
FNDA:4,snapBarbellWeightKg
FNDA:122,snapDumbbellWeightLb
FNDA:854,(anonymous_4)
FNDA:7,snapKettlebellWeightLb
FNDA:28,(anonymous_6)
FNDA:3,calculateTargetWeight
FNDA:4,isPersonalRecord
FNDA:3,calculateVolumeLoad
FNDA:7,detectPlateau
DA:16,3
DA:19,3
DA:30,46
DA:45,49
DA:46,49
DA:47,49
DA:58,4
DA:59,4
DA:60,4
DA:71,122
DA:73,854
DA:82,7
DA:84,28
DA:97,3
DA:109,4
DA:116,3
DA:123,7
DA:124,4
DA:125,4
DA:126,4
DA:127,4
LF:21
LH:21
BRDA:44,0,0,36
BRDA:57,1,0,0
BRDA:72,2,0,122
BRDA:72,2,1,0
BRDA:73,3,0,365
BRDA:73,3,1,489
BRDA:83,4,0,7
BRDA:83,4,1,0
BRDA:84,5,0,8
BRDA:84,5,1,20
BRDA:123,6,0,3
BRDA:123,6,1,4
BRF:12
BRH:9
end_of_record
TN:
SF:src/domain/calculations/weight-unit-conversion.ts
FN:17,lbToKg
FN:24,kgToLb
FN:31,valueFromKilograms
FN:38,kilogramsFrom
FNF:4
FNH:4
FNDA:4,lbToKg
FNDA:4,kgToLb
FNDA:2,valueFromKilograms
FNDA:2,kilogramsFrom
DA:12,2
DA:18,4
DA:25,4
DA:32,2
DA:39,2
LF:5
LH:5
BRDA:32,0,0,1
BRDA:32,0,1,1
BRDA:39,1,0,1
BRDA:39,1,1,1
BRF:4
BRH:4
end_of_record
TN:
SF:src/domain/cycle/cycle-adaptation-policy.ts
FN:67,blendMultiplier
FN:88,resolveReadinessTier
FN:103,resolveConfidenceScale
FN:116,resolvePhaseSettings
FN:124,scaleSets
FN:139,applyPhaseAdjustment
FNF:6
FNH:6
FNDA:74,blendMultiplier
FNDA:15,resolveReadinessTier
FNDA:26,resolveConfidenceScale
FNDA:22,resolvePhaseSettings
FNDA:22,scaleSets
FNDA:22,applyPhaseAdjustment
DA:26,2
DA:37,2
DA:47,2
DA:72,74
DA:89,15
DA:90,9
DA:91,6
DA:92,4
DA:107,26
DA:108,26
DA:109,8
DA:117,22
DA:125,22
DA:146,22
DA:147,22
DA:148,22
DA:150,22
DA:151,22
DA:152,22
DA:154,22
LF:20
LH:20
BRDA:89,0,0,6
BRDA:89,0,1,9
BRDA:89,1,0,15
BRDA:89,1,1,9
BRDA:90,2,0,3
BRDA:90,2,1,6
BRDA:91,3,0,2
BRDA:91,3,1,4
BRDA:105,4,0,3
BRDA:108,5,0,18
BRDA:108,5,1,8
BRDA:144,6,0,22
BRDA:158,7,0,15
BRDA:158,7,1,7
BRF:14
BRH:14
end_of_record
TN:
SF:src/domain/cycle/cycle-calculations.ts
FN:43,getPhaseBoundaries
FN:73,inferCurrentPhase
FN:88,daysBetween
FN:92,isWithin
FN:106,calculateCycleStatus
FN:117,(anonymous_5)
FN:210,getPhaseRecommendation
FNF:7
FNH:7
FNDA:25,getPhaseBoundaries
FNDA:8,inferCurrentPhase
FNDA:16,daysBetween
FNDA:14,isWithin
FNDA:16,calculateCycleStatus
FNDA:2,(anonymous_5)
FNDA:4,getPhaseRecommendation
DA:44,25
DA:45,25
DA:46,25
DA:48,25
DA:49,25
DA:50,25
DA:51,25
DA:53,25
DA:66,2
DA:74,8
DA:75,8
DA:76,20
DA:77,20
DA:78,7
DA:81,1
DA:89,16
DA:93,14
DA:94,14
DA:111,16
DA:113,14
DA:116,14
DA:117,2
DA:122,14
DA:123,14
DA:124,14
DA:128,14
DA:129,6
DA:130,6
DA:132,8
DA:133,8
DA:134,6
DA:135,6
DA:140,14
DA:141,12
DA:144,2
DA:145,2
DA:146,2
DA:147,2
DA:148,2
DA:149,2
DA:150,2
DA:153,14
DA:154,14
DA:156,14
DA:157,14
DA:158,14
DA:160,14
DA:161,26
DA:162,26
DA:163,14
DA:164,14
DA:165,14
DA:166,14
DA:171,14
DA:173,7
DA:174,7
DA:176,4
DA:177,4
DA:179,1
DA:180,1
DA:182,2
DA:183,2
DA:186,14
DA:211,4
DA:213,1
DA:223,1
DA:233,1
DA:243,1
LF:68
LH:68
BRDA:77,0,0,7
BRDA:77,0,1,13
BRDA:77,1,0,20
BRDA:77,1,1,20
BRDA:94,2,0,14
BRDA:94,2,1,14
BRDA:109,3,0,1
BRDA:111,4,0,2
BRDA:111,4,1,14
BRDA:124,5,0,1
BRDA:124,5,1,13
BRDA:128,6,0,6
BRDA:128,6,1,8
BRDA:133,7,0,6
BRDA:133,7,1,2
BRDA:133,8,0,8
BRDA:133,8,1,8
BRDA:140,9,0,12
BRDA:140,9,1,2
BRDA:162,10,0,14
BRDA:162,10,1,12
BRDA:162,11,0,26
BRDA:162,11,1,26
BRDA:171,12,0,7
BRDA:171,12,1,4
BRDA:171,12,2,1
BRDA:171,12,3,2
BRDA:211,13,0,1
BRDA:211,13,1,1
BRDA:211,13,2,1
BRDA:211,13,3,1
BRF:31
BRH:31
end_of_record
TN:
SF:src/domain/cycle/cycle-program-generator.ts
FN:17,resolveConfidence
FN:53,adaptProgram
FN:67,(anonymous_2)
FN:82,(anonymous_3)
FN:84,(anonymous_4)
FNF:5
FNH:5
FNDA:12,resolveConfidence
FNDA:6,adaptProgram
FNDA:6,(anonymous_2)
FNDA:6,(anonymous_3)
FNDA:12,(anonymous_4)
DA:23,12
DA:24,10
DA:25,9
DA:26,9
DA:28,8
DA:29,7
DA:30,1
DA:60,6
DA:61,6
DA:64,6
DA:66,6
DA:68,6
DA:73,6
DA:80,6
DA:82,6
DA:85,12
DA:89,6
LF:17
LH:17
BRDA:23,0,0,2
BRDA:23,0,1,10
BRDA:24,1,0,9
BRDA:24,1,1,1
BRDA:26,2,0,2
BRDA:26,2,1,7
BRDA:28,3,0,1
BRDA:28,3,1,7
BRDA:28,4,0,8
BRDA:28,4,1,7
BRDA:29,5,0,6
BRDA:29,5,1,1
BRDA:57,6,0,2
BRDA:64,7,0,6
BRDA:64,7,1,1
BRDA:66,8,0,5
BRDA:66,8,1,1
BRDA:68,9,0,1
BRDA:68,9,1,5
BRF:19
BRH:19
end_of_record
TN:
SF:src/domain/cycle/index.ts
FNF:0
FNH:0
LF:0
LH:0
BRF:0
BRH:0
end_of_record
TN:
SF:src/domain/history/history-item.ts
FN:42,getSourceLabel
FNF:1
FNH:1
FNDA:4,getSourceLabel
DA:43,4
DA:45,2
DA:47,2
LF:3
LH:3
BRDA:43,0,0,2
BRDA:43,0,1,2
BRF:2
BRH:2
end_of_record
TN:
SF:src/domain/history/index.ts
FNF:0
FNH:0
LF:0
LH:0
BRF:0
BRH:0
end_of_record
TN:
SF:src/domain/injury/body-location.ts
FN:35,bodyLocationDisplayName
FN:62,bodyLocationEngineKeyFromRegion
FN:94,parseRegions
FN:97,(anonymous_3)
FN:98,(anonymous_4)
FN:104,encodeRegions
FNF:6
FNH:6
FNDA:6,bodyLocationDisplayName
FNDA:18,bodyLocationEngineKeyFromRegion
FNDA:5,parseRegions
FNDA:13,(anonymous_3)
FNDA:13,(anonymous_4)
FNDA:3,encodeRegions
DA:12,2
DA:36,6
DA:55,6
DA:63,18
DA:68,4
DA:72,3
DA:77,4
DA:80,2
DA:83,3
DA:86,2
DA:95,5
DA:97,13
DA:98,13
DA:105,3
LF:14
LH:14
BRDA:63,0,0,1
BRDA:63,0,1,2
BRDA:63,0,2,3
BRDA:63,0,3,4
BRDA:63,0,4,1
BRDA:63,0,5,2
BRDA:63,0,6,3
BRDA:63,0,7,1
BRDA:63,0,8,2
BRDA:63,0,9,3
BRDA:63,0,10,4
BRDA:63,0,11,1
BRDA:63,0,12,2
BRDA:63,0,13,2
BRDA:63,0,14,3
BRDA:63,0,15,1
BRDA:63,0,16,2
BRF:17
BRH:17
end_of_record
TN:
SF:src/domain/injury/injury-adaptation-engine.ts
FN:121,adaptProgram
FN:122,(anonymous_1)
FN:125,(anonymous_2)
FN:132,adaptProgramWithMetadata
FN:136,(anonymous_4)
FN:142,(anonymous_5)
FN:144,(anonymous_6)
FN:161,mostRestrictive
FN:163,(anonymous_8)
FN:172,normalizedBodyRegions
FN:197,buildRecoveryPrepBlock
FN:227,applyMultipliers
FN:236,swiftRoundInt
FN:240,adaptSession
FN:241,(anonymous_14)
FN:242,(anonymous_15)
FN:243,(anonymous_16)
FN:244,(anonymous_17)
FN:248,(anonymous_18)
FN:251,(anonymous_19)
FN:253,(anonymous_20)
FN:273,adaptExercise
FN:279,isContraindicated
FN:302,findReplacement
FN:306,(anonymous_24)
FNF:25
FNH:25
FNDA:11,adaptProgram
FNDA:11,(anonymous_1)
FNDA:8,(anonymous_2)
FNDA:3,adaptProgramWithMetadata
FNDA:2,(anonymous_4)
FNDA:1,(anonymous_5)
FNDA:2,(anonymous_6)
FNDA:16,mostRestrictive
FNDA:11,(anonymous_8)
FNDA:5,normalizedBodyRegions
FNDA:8,buildRecoveryPrepBlock
FNDA:14,applyMultipliers
FNDA:14,swiftRoundInt
FNDA:9,adaptSession
FNDA:11,(anonymous_14)
FNDA:11,(anonymous_15)
FNDA:11,(anonymous_16)
FNDA:11,(anonymous_17)
FNDA:14,(anonymous_18)
FNDA:11,(anonymous_19)
FNDA:14,(anonymous_20)
FNDA:14,adaptExercise
FNDA:31,isContraindicated
FNDA:9,findReplacement
FNDA:13,(anonymous_24)
DA:30,2
DA:39,2
DA:76,2
DA:86,2
DA:88,2
DA:98,2
DA:122,11
DA:123,11
DA:125,8
DA:126,8
DA:136,3
DA:137,3
DA:138,2
DA:141,1
DA:142,1
DA:143,1
DA:144,1
DA:145,2
DA:146,2
DA:147,1
DA:150,1
DA:153,1
DA:162,16
DA:163,15
DA:164,11
DA:173,5
DA:174,5
DA:176,5
DA:177,3
DA:180,3
DA:181,18
DA:185,3
DA:186,111
DA:190,5
DA:198,8
DA:199,8
DA:201,8
DA:202,9
DA:203,9
DA:204,63
DA:205,9
DA:206,36
DA:207,32
DA:208,32
DA:220,8
DA:228,14
DA:229,14
DA:230,14
DA:231,14
DA:232,14
DA:233,14
DA:237,14
DA:241,11
DA:242,11
DA:243,11
DA:244,11
DA:247,9
DA:248,14
DA:251,11
DA:252,9
DA:253,14
DA:256,9
DA:259,9
DA:260,2
DA:261,2
DA:265,9
DA:266,1
DA:267,1
DA:270,9
DA:274,14
DA:275,9
DA:276,9
DA:280,31
DA:281,31
DA:282,36
DA:283,36
DA:284,143
DA:285,36
DA:286,36
DA:288,36
DA:289,43
DA:291,36
DA:292,36
DA:293,36
DA:294,104
DA:299,14
DA:306,13
DA:308,9
DA:309,9
DA:310,7
DA:311,15
DA:312,7
DA:320,2
DA:321,2
DA:322,2
LF:95
LH:95
BRDA:123,0,0,3
BRDA:123,0,1,8
BRDA:137,1,0,2
BRDA:137,1,1,1
BRDA:146,2,0,1
BRDA:146,2,1,1
BRDA:146,3,0,2
BRDA:146,3,1,2
BRDA:162,4,0,1
BRDA:162,4,1,15
BRDA:164,5,0,6
BRDA:164,5,1,5
BRDA:177,6,0,3
BRDA:177,6,1,0
BRDA:181,7,0,1
BRDA:181,7,1,17
BRDA:186,8,0,2
BRDA:186,8,1,109
BRDA:202,9,0,9
BRDA:202,9,1,0
BRDA:204,10,0,54
BRDA:204,10,1,9
BRDA:206,11,0,4
BRDA:206,11,1,32
BRDA:229,12,0,0
BRDA:229,12,1,14
BRDA:229,13,0,14
BRDA:229,13,1,0
BRDA:229,13,2,0
BRDA:231,14,0,0
BRDA:231,14,1,14
BRDA:252,15,0,9
BRDA:252,15,1,0
BRDA:252,16,0,9
BRDA:252,16,1,9
BRDA:259,17,0,2
BRDA:259,17,1,7
BRDA:265,18,0,1
BRDA:265,18,1,8
BRDA:274,19,0,5
BRDA:274,19,1,9
BRDA:282,20,0,36
BRDA:282,20,1,0
BRDA:284,21,0,107
BRDA:284,21,1,36
BRDA:286,22,0,0
BRDA:286,22,1,36
BRDA:289,23,0,0
BRDA:289,23,1,43
BRDA:292,24,0,36
BRDA:292,24,1,0
BRDA:294,25,0,17
BRDA:294,25,1,87
BRDA:306,26,0,13
BRDA:306,26,1,0
BRDA:309,27,0,7
BRDA:309,27,1,2
BRDA:311,28,0,7
BRDA:311,28,1,8
BRDA:321,29,0,2
BRDA:321,29,1,0
BRF:61
BRH:48
end_of_record
TN:
SF:src/domain/injury/load-adjustment-policy.ts
FN:20,getLoadMultipliers
FN:42,adjustExerciseValue
FN:64,adjustLoad
FNF:3
FNH:3
FNDA:20,getLoadMultipliers
FNDA:21,adjustExerciseValue
FNDA:3,adjustLoad
DA:21,20
DA:23,11
DA:25,4
DA:27,1
DA:29,2
DA:31,2
DA:43,21
DA:45,18
DA:47,1
DA:53,1
DA:55,1
DA:65,3
DA:66,1
LF:13
LH:13
BRDA:21,0,0,11
BRDA:21,0,1,4
BRDA:21,0,2,1
BRDA:21,0,3,2
BRDA:21,0,4,2
BRDA:43,1,0,18
BRDA:43,1,1,1
BRDA:43,1,2,1
BRDA:43,1,3,1
BRDA:65,2,0,2
BRDA:65,2,1,1
BRDA:65,3,0,3
BRDA:65,3,1,1
BRF:13
BRH:13
end_of_record
TN:
SF:src/domain/injury/pain-trend-analyzer.ts
FN:27,analyzeTrend
FN:39,(anonymous_1)
FN:49,(anonymous_2)
FN:50,(anonymous_3)
FN:66,hasRecentLog
FN:77,sparklineData
FN:78,(anonymous_6)
FNF:7
FNH:7
FNDA:9,analyzeTrend
FNDA:25,(anonymous_1)
FNDA:11,(anonymous_2)
FNDA:11,(anonymous_3)
FNDA:4,hasRecentLog
FNDA:4,sparklineData
FNDA:5,(anonymous_6)
DA:28,9
DA:29,2
DA:38,7
DA:39,25
DA:40,7
DA:42,7
DA:43,7
DA:44,6
DA:46,6
DA:48,6
DA:49,11
DA:50,11
DA:51,6
DA:54,7
DA:67,4
DA:68,2
DA:69,2
DA:70,2
DA:78,5
LF:19
LH:19
BRDA:27,0,0,6
BRDA:28,1,0,2
BRDA:28,1,1,7
BRDA:43,2,0,6
BRDA:43,2,1,1
BRDA:66,3,0,4
BRDA:67,4,0,2
BRDA:67,4,1,2
BRDA:77,5,0,2
BRF:9
BRH:9
end_of_record
TN:
SF:src/domain/injury/phase-transition-advisor.ts
FN:21,meetsThreshold
FN:23,(anonymous_1)
FN:38,evaluateTransition
FNF:3
FNH:3
FNDA:16,meetsThreshold
FNDA:29,(anonymous_1)
FNDA:11,evaluateTransition
DA:22,16
DA:23,29
DA:44,11
DA:46,11
DA:48,3
DA:49,1
DA:51,2
DA:53,2
DA:54,1
DA:56,1
DA:58,2
DA:59,1
DA:61,1
DA:63,3
DA:64,2
DA:66,1
DA:68,1
DA:71,6
LF:18
LH:18
BRDA:22,0,0,5
BRDA:22,0,1,11
BRDA:46,1,0,3
BRDA:46,1,1,2
BRDA:46,1,2,2
BRDA:46,1,3,3
BRDA:46,1,4,1
BRDA:48,2,0,1
BRDA:48,2,1,2
BRDA:53,3,0,1
BRDA:53,3,1,1
BRDA:58,4,0,1
BRDA:58,4,1,1
BRDA:63,5,0,2
BRDA:63,5,1,1
BRF:15
BRH:15
end_of_record
TN:
SF:src/domain/injury/recovery-phase.ts
FN:13,phaseIndex
FN:20,isMoreRestrictive
FN:27,nextPhase
FN:36,phaseDisplayName
FNF:4
FNH:4
FNDA:22,phaseIndex
FNDA:5,isMoreRestrictive
FNDA:6,nextPhase
FNDA:6,phaseDisplayName
DA:14,22
DA:21,5
DA:28,6
DA:29,6
DA:30,5
DA:37,6
DA:44,6
LF:7
LH:7
BRDA:29,0,0,1
BRDA:29,0,1,5
BRDA:29,1,0,6
BRDA:29,1,1,6
BRF:4
BRH:4
end_of_record
TN:
SF:src/domain/injury/rehab-session-generator.ts
FN:34,volumeForPhase
FN:42,recoveryExercises
FN:61,generateSession
FN:63,(anonymous_3)
FN:102,generateShortId
FNF:5
FNH:5
FNDA:28,volumeForPhase
FNDA:9,recoveryExercises
FNDA:14,generateSession
FNDA:15,(anonymous_3)
FNDA:7,generateShortId
DA:14,2
DA:35,28
DA:36,8
DA:39,20
DA:43,9
DA:44,9
DA:45,63
DA:46,8
DA:49,9
DA:62,14
DA:63,15
DA:65,14
DA:67,8
DA:68,8
DA:70,8
DA:71,9
DA:72,9
DA:74,9
DA:75,32
DA:76,28
DA:77,28
DA:78,28
DA:89,8
DA:92,7
DA:94,7
DA:103,7
LF:26
LH:26
BRDA:35,0,0,8
BRDA:35,0,1,20
BRDA:45,1,0,8
BRDA:45,1,1,55
BRDA:63,2,0,15
BRDA:63,2,1,8
BRDA:65,3,0,6
BRDA:65,3,1,8
BRDA:71,4,0,9
BRDA:71,4,1,0
BRDA:75,5,0,4
BRDA:75,5,1,28
BRDA:89,6,0,1
BRDA:89,6,1,7
BRF:14
BRH:13
end_of_record
TN:
SF:src/domain/readiness/index.ts
FNF:0
FNH:0
LF:0
LH:0
BRF:0
BRH:0
end_of_record
TN:
SF:src/domain/readiness/readiness-survey.ts
FN:44,calculateReadinessScore
FN:65,blendWithHealthKit
FN:84,tierFromScore
FN:94,tierDisplayName
FN:106,tierStringForAI
FN:119,adjustmentBannerText
FNF:6
FNH:6
FNDA:6,calculateReadinessScore
FNDA:2,blendWithHealthKit
FNDA:14,tierFromScore
FNDA:3,tierDisplayName
FNDA:3,tierStringForAI
FNDA:3,adjustmentBannerText
DA:28,2
DA:29,2
DA:30,2
DA:49,6
DA:50,6
DA:52,6
DA:55,6
DA:56,6
DA:69,2
DA:70,1
DA:72,1
DA:73,1
DA:85,14
DA:86,10
DA:87,6
DA:95,3
DA:96,1
DA:97,1
DA:98,1
DA:107,3
DA:108,1
DA:109,1
DA:110,1
DA:120,3
DA:121,1
DA:122,1
DA:123,1
LF:27
LH:27
BRDA:69,0,0,1
BRDA:69,0,1,1
BRDA:85,1,0,4
BRDA:85,1,1,10
BRDA:86,2,0,4
BRDA:86,2,1,6
BRDA:95,3,0,1
BRDA:95,3,1,1
BRDA:95,3,2,1
BRDA:107,4,0,1
BRDA:107,4,1,1
BRDA:107,4,2,1
BRDA:120,5,0,1
BRDA:120,5,1,1
BRDA:120,5,2,1
BRF:15
BRH:15
end_of_record
TN:
SF:src/domain/shared/celebration-event.ts
FN:33,getCelebrationTitle
FN:52,formatConditioningValue
FN:78,getCelebrationSubtitle
FNF:3
FNH:3
FNDA:5,getCelebrationTitle
FNDA:5,formatConditioningValue
FNDA:10,getCelebrationSubtitle
DA:34,5
DA:36,1
DA:38,1
DA:40,1
DA:42,1
DA:44,1
DA:53,5
DA:55,1
DA:56,1
DA:57,1
DA:58,1
DA:61,1
DA:63,1
DA:65,1
DA:67,1
DA:68,1
DA:69,1
DA:79,10
DA:81,2
DA:82,2
DA:85,1
DA:86,1
DA:89,1
DA:91,1
DA:92,1
DA:95,5
LF:26
LH:26
BRDA:34,0,0,1
BRDA:34,0,1,1
BRDA:34,0,2,1
BRDA:34,0,3,1
BRDA:34,0,4,1
BRDA:53,1,0,1
BRDA:53,1,1,1
BRDA:53,1,2,1
BRDA:53,1,3,1
BRDA:53,1,4,1
BRDA:79,2,0,2
BRDA:79,2,1,1
BRDA:79,2,2,1
BRDA:79,2,3,1
BRDA:79,2,4,5
BRDA:82,3,0,1
BRDA:82,3,1,1
BRF:17
BRH:17
end_of_record
TN:
SF:src/domain/shared/index.ts
FNF:0
FNH:0
LF:0
LH:0
BRF:0
BRH:0
end_of_record
TN:
SF:src/domain/shared/program-availability.ts
FN:32,parseProgramDate
FN:42,formatProgramStartDate
FN:53,getProgramAvailability
FN:86,sortedPrograms
FN:87,sortOrder
FN:95,(anonymous_5)
FN:106,nextUpcomingProgram
FN:107,(anonymous_7)
FN:114,(anonymous_8)
FNF:9
FNH:9
FNDA:17,parseProgramDate
FNDA:1,formatProgramStartDate
FNDA:16,getProgramAvailability
FNDA:1,sortedPrograms
FNDA:6,sortOrder
FNDA:3,(anonymous_5)
FNDA:2,nextUpcomingProgram
FNDA:4,(anonymous_7)
FNDA:1,(anonymous_8)
DA:33,17
DA:34,16
DA:35,16
DA:43,1
DA:57,16
DA:59,16
DA:60,7
DA:61,7
DA:62,7
DA:63,7
DA:64,5
DA:69,11
DA:70,5
DA:71,5
DA:72,5
DA:73,5
DA:74,3
DA:79,8
DA:88,6
DA:89,2
DA:90,2
DA:91,2
DA:95,1
DA:96,3
DA:97,3
DA:98,3
DA:107,2
DA:108,4
DA:109,4
DA:112,2
DA:114,1
DA:115,1
DA:116,1
DA:117,1
LF:34
LH:34
BRDA:33,0,0,1
BRDA:33,0,1,16
BRDA:35,1,0,15
BRDA:35,1,1,1
BRDA:55,2,0,0
BRDA:59,3,0,7
BRDA:59,3,1,9
BRDA:61,4,0,7
BRDA:61,4,1,0
BRDA:63,5,0,5
BRDA:63,5,1,2
BRDA:69,6,0,5
BRDA:69,6,1,6
BRDA:71,7,0,5
BRDA:71,7,1,0
BRDA:73,8,0,3
BRDA:73,8,1,2
BRDA:86,9,0,0
BRDA:88,10,0,2
BRDA:88,10,1,2
BRDA:88,10,2,2
BRDA:106,11,0,0
BRDA:112,12,0,1
BRDA:112,12,1,1
BRDA:115,13,0,1
BRDA:115,13,1,0
BRDA:115,14,0,1
BRDA:115,14,1,0
BRDA:116,15,0,1
BRDA:116,15,1,0
BRDA:116,16,0,1
BRDA:116,16,1,0
BRF:32
BRH:23
end_of_record
TN:
SF:src/domain/shared/wod-template-type.ts
FN:24,wodTemplateTypeFrom
FN:39,wodTemplateTypeDisplayName
FN:53,wodTemplateTypeRequiresTimer
FNF:3
FNH:3
FNDA:6,wodTemplateTypeFrom
FNDA:5,wodTemplateTypeDisplayName
FNDA:5,wodTemplateTypeRequiresTimer
DA:25,6
DA:26,1
DA:27,1
DA:28,1
DA:29,1
DA:30,1
DA:31,1
DA:40,5
DA:41,1
DA:42,1
DA:43,1
DA:44,1
DA:45,1
DA:54,5
DA:58,3
DA:61,2
LF:16
LH:16
BRDA:25,0,0,1
BRDA:25,0,1,1
BRDA:25,0,2,1
BRDA:25,0,3,1
BRDA:25,0,4,1
BRDA:25,0,5,1
BRDA:40,1,0,1
BRDA:40,1,1,1
BRDA:40,1,2,1
BRDA:40,1,3,1
BRDA:40,1,4,1
BRDA:54,2,0,1
BRDA:54,2,1,2
BRDA:54,2,2,3
BRDA:54,2,3,1
BRDA:54,2,4,2
BRF:16
BRH:16
end_of_record
TN:
SF:src/domain/types/index.ts
FN:53,bodyLocationEngineKey
FN:103,workoutFocusDisplayName
FN:175,scaleExerciseValue
FN:278,clamp
FN:288,swiftRound
FNF:5
FNH:5
FNDA:17,bodyLocationEngineKey
FNDA:49,workoutFocusDisplayName
FNDA:41,scaleExerciseValue
FNDA:92,clamp
FNDA:93,swiftRound
DA:21,5
DA:54,17
DA:59,4
DA:63,3
DA:68,4
DA:71,2
DA:74,2
DA:77,2
DA:104,49
DA:105,5
DA:106,16
DA:107,1
DA:108,2
DA:109,1
DA:110,2
DA:111,4
DA:112,14
DA:113,1
DA:114,1
DA:115,1
DA:116,1
DA:176,41
DA:178,28
DA:180,9
DA:186,2
DA:188,2
DA:279,92
DA:289,93
LF:28
LH:28
BRDA:54,0,0,1
BRDA:54,0,1,2
BRDA:54,0,2,3
BRDA:54,0,3,4
BRDA:54,0,4,1
BRDA:54,0,5,2
BRDA:54,0,6,3
BRDA:54,0,7,1
BRDA:54,0,8,2
BRDA:54,0,9,3
BRDA:54,0,10,4
BRDA:54,0,11,1
BRDA:54,0,12,2
BRDA:54,0,13,1
BRDA:54,0,14,2
BRDA:54,0,15,1
BRDA:54,0,16,2
BRDA:104,1,0,5
BRDA:104,1,1,16
BRDA:104,1,2,1
BRDA:104,1,3,2
BRDA:104,1,4,1
BRDA:104,1,5,2
BRDA:104,1,6,4
BRDA:104,1,7,14
BRDA:104,1,8,1
BRDA:104,1,9,1
BRDA:104,1,10,1
BRDA:104,1,11,1
BRDA:176,2,0,28
BRDA:176,2,1,9
BRDA:176,2,2,2
BRDA:176,2,3,2
BRF:33
BRH:33
end_of_record
TN:
SF:src/entitlements/useEntitlements.ts
FN:20,useEntitlements
FN:24,(anonymous_1)
FN:35,checkEntitlements
FN:59,(anonymous_3)
FNF:4
FNH:0
FNDA:0,useEntitlements
FNDA:0,(anonymous_1)
FNDA:0,checkEntitlements
FNDA:0,(anonymous_3)
DA:13,0
DA:21,0
DA:22,0
DA:24,0
DA:27,0
DA:28,0
DA:29,0
DA:30,0
DA:33,0
DA:36,0
DA:39,0
DA:40,0
DA:41,0
DA:42,0
DA:43,0
DA:47,0
DA:48,0
DA:51,0
DA:52,0
DA:57,0
DA:59,0
DA:60,0
DA:64,0
LF:23
LH:0
BRDA:27,0,0,0
BRDA:27,0,1,0
BRDA:41,1,0,0
BRDA:41,1,1,0
BRDA:42,2,0,0
BRDA:42,2,1,0
BRDA:47,3,0,0
BRDA:47,3,1,0
BRDA:51,4,0,0
BRDA:51,4,1,0
BRF:10
BRH:0
end_of_record
TN:
SF:src/firebase/app.ts
FN:17,initializeFirebaseWeb
FNF:1
FNH:0
FNDA:0,initializeFirebaseWeb
DA:10,0
DA:18,0
DA:22,0
DA:29,0
DA:30,0
LF:5
LH:0
BRDA:18,0,0,0
BRDA:18,0,1,0
BRDA:29,1,0,0
BRDA:29,1,1,0
BRDA:29,2,0,0
BRDA:29,2,1,0
BRF:6
BRH:0
end_of_record
TN:
SF:src/firebase/auth.ts
FN:18,getAuthInstance
FN:26,onAuthStateChanged
FN:35,signInWithCredential
FN:45,signInWithEmailAndPassword
FN:56,createUserWithEmailAndPassword
FN:67,signInAnonymously
FN:75,signOut
FN:82,getCurrentUser
FN:89,sendEmailVerification
FN:96,linkWithCredential
FNF:10
FNH:9
FNDA:0,getAuthInstance
FNDA:5,onAuthStateChanged
FNDA:8,signInWithCredential
FNDA:3,signInWithEmailAndPassword
FNDA:2,createUserWithEmailAndPassword
FNDA:2,signInAnonymously
FNDA:2,signOut
FNDA:1,getCurrentUser
FNDA:1,sendEmailVerification
FNDA:1,linkWithCredential
DA:19,0
DA:29,5
DA:38,8
DA:39,8
DA:49,3
DA:50,3
DA:60,2
DA:61,1
DA:68,2
DA:69,2
DA:76,2
DA:83,1
DA:90,1
DA:100,1
DA:101,1
DA:105,5
DA:106,5
LF:17
LH:16
BRF:0
BRH:0
end_of_record
TN:
SF:src/firebase/auth.web.ts
FN:32,getFirebaseApp
FN:50,getAuthInstance
FN:58,onAuthStateChanged
FN:67,signInWithCredential
FN:77,signInWithEmailAndPassword
FN:88,createUserWithEmailAndPassword
FN:99,signInAnonymously
FN:107,signOut
FN:114,getCurrentUser
FN:121,sendEmailVerification
FN:128,linkWithCredential
FN:138,(anonymous_11)
FN:145,(anonymous_12)
FNF:13
FNH:0
FNDA:0,getFirebaseApp
FNDA:0,getAuthInstance
FNDA:0,onAuthStateChanged
FNDA:0,signInWithCredential
FNDA:0,signInWithEmailAndPassword
FNDA:0,createUserWithEmailAndPassword
FNDA:0,signInAnonymously
FNDA:0,signOut
FNDA:0,getCurrentUser
FNDA:0,sendEmailVerification
FNDA:0,linkWithCredential
FNDA:0,(anonymous_11)
FNDA:0,(anonymous_12)
DA:33,0
DA:34,0
DA:35,0
DA:38,0
DA:44,0
DA:51,0
DA:61,0
DA:70,0
DA:71,0
DA:81,0
DA:82,0
DA:92,0
DA:93,0
DA:100,0
DA:101,0
DA:108,0
DA:115,0
DA:122,0
DA:132,0
DA:133,0
DA:137,0
DA:139,0
DA:140,0
DA:144,0
DA:145,0
LF:25
LH:0
BRDA:34,0,0,0
BRDA:34,0,1,0
BRDA:39,1,0,0
BRDA:39,1,1,0
BRDA:40,2,0,0
BRDA:40,2,1,0
BRDA:41,3,0,0
BRDA:41,3,1,0
BRF:8
BRH:0
end_of_record
TN:
SF:src/firebase/firestore.ts
FN:37,getFirestoreInstance
FNF:1
FNH:1
FNDA:26,getFirestoreInstance
DA:16,7
DA:29,7
DA:38,26
DA:39,0
DA:40,0
DA:45,0
DA:47,0
DA:48,0
DA:49,0
DA:57,0
DA:59,0
DA:65,0
DA:68,0
DA:72,26
DA:73,26
LF:15
LH:5
BRDA:38,0,0,0
BRDA:38,0,1,26
BRDA:39,1,0,0
BRDA:39,1,1,0
BRDA:49,2,0,0
BRDA:49,2,1,0
BRDA:52,3,0,0
BRDA:52,3,1,0
BRDA:53,4,0,0
BRDA:53,4,1,0
BRDA:54,5,0,0
BRDA:54,5,1,0
BRF:12
BRH:1
end_of_record
TN:
SF:src/onboarding/OnboardingContext.tsx
FN:61,OnboardingProvider
FN:64,(anonymous_1)
FN:65,(anonymous_2)
FN:68,(anonymous_3)
FN:69,(anonymous_4)
FN:72,(anonymous_5)
FN:73,(anonymous_6)
FN:76,(anonymous_7)
FN:77,(anonymous_8)
FN:80,(anonymous_9)
FN:81,(anonymous_10)
FN:89,(anonymous_11)
FN:126,useOnboarding
FNF:13
FNH:13
FNDA:19,OnboardingProvider
FNDA:2,(anonymous_1)
FNDA:2,(anonymous_2)
FNDA:2,(anonymous_3)
FNDA:2,(anonymous_4)
FNDA:2,(anonymous_5)
FNDA:2,(anonymous_6)
FNDA:2,(anonymous_7)
FNDA:2,(anonymous_8)
FNDA:2,(anonymous_9)
FNDA:2,(anonymous_10)
FNDA:3,(anonymous_11)
FNDA:21,useOnboarding
DA:43,1
DA:53,1
DA:62,19
DA:64,19
DA:65,2
DA:68,19
DA:69,2
DA:72,19
DA:73,2
DA:76,19
DA:77,2
DA:80,19
DA:81,2
DA:88,19
DA:90,3
DA:91,3
DA:103,19
DA:113,19
DA:127,21
DA:128,21
DA:129,2
DA:134,19
LF:22
LH:22
BRDA:93,0,0,3
BRDA:93,0,1,2
BRDA:94,1,0,3
BRDA:94,1,1,2
BRDA:95,2,0,3
BRDA:95,2,1,2
BRDA:128,3,0,2
BRDA:128,3,1,19
BRF:8
BRH:8
end_of_record
TN:
SF:src/onboarding/useOnboardingFlow.ts
FN:36,getStepIndex
FN:48,getNextStep
FN:77,getTotalSteps
FN:86,getPreviousStep
FNF:4
FNH:4
FNDA:15,getStepIndex
FNDA:9,getNextStep
FNDA:4,getTotalSteps
FNDA:6,getPreviousStep
DA:20,1
DA:37,15
DA:50,9
DA:51,1
DA:55,8
DA:56,2
DA:59,6
DA:60,6
DA:61,1
DA:64,5
DA:65,5
DA:66,0
DA:69,5
DA:78,4
DA:87,6
DA:88,6
DA:89,2
DA:91,4
LF:18
LH:17
BRDA:50,0,0,1
BRDA:50,0,1,8
BRDA:50,1,0,9
BRDA:50,1,1,3
BRDA:55,2,0,2
BRDA:55,2,1,6
BRDA:60,3,0,1
BRDA:60,3,1,5
BRDA:65,4,0,0
BRDA:65,4,1,5
BRDA:78,5,0,1
BRDA:78,5,1,3
BRDA:88,6,0,2
BRDA:88,6,1,4
BRF:14
BRH:13
end_of_record
TN:
SF:src/repositories/FirestoreOnboardingProfileRepo.ts
FN:15,(anonymous_0)
FN:27,(anonymous_1)
FNF:2
FNH:2
FNDA:1,(anonymous_0)
FNDA:2,(anonymous_1)
DA:16,1
DA:17,1
DA:28,2
DA:29,2
DA:30,2
DA:31,1
DA:33,1
LF:7
LH:7
BRDA:30,0,0,1
BRDA:30,0,1,1
BRF:2
BRH:2
end_of_record
TN:
SF:src/repositories/FirestoreReadinessRepo.ts
FN:15,(anonymous_0)
FN:29,(anonymous_1)
FN:47,(anonymous_2)
FN:60,(anonymous_3)
FNF:4
FNH:4
FNDA:1,(anonymous_0)
FNDA:2,(anonymous_1)
FNDA:1,(anonymous_2)
FNDA:1,(anonymous_3)
DA:16,1
DA:17,1
DA:30,2
DA:31,2
DA:37,2
DA:38,1
DA:40,1
DA:48,1
DA:49,1
DA:56,1
DA:57,0
DA:59,1
DA:60,1
LF:13
LH:12
BRDA:37,0,0,1
BRDA:37,0,1,1
BRDA:47,1,0,0
BRDA:56,2,0,0
BRDA:56,2,1,1
BRF:5
BRH:3
end_of_record
TN:
SF:src/repositories/FirestoreSettingsRepo.ts
FN:16,(anonymous_0)
FN:28,(anonymous_1)
FNF:2
FNH:2
FNDA:1,(anonymous_0)
FNDA:2,(anonymous_1)
DA:17,1
DA:18,1
DA:29,2
DA:30,2
DA:31,2
DA:32,1
DA:34,1
LF:7
LH:7
BRDA:31,0,0,1
BRDA:31,0,1,1
BRF:2
BRH:2
end_of_record
TN:
SF:src/repositories/FirestoreUserRepo.ts
FN:16,(anonymous_0)
FN:28,(anonymous_1)
FN:40,(anonymous_2)
FNF:3
FNH:3
FNDA:1,(anonymous_0)
FNDA:2,(anonymous_1)
FNDA:1,(anonymous_2)
DA:17,1
DA:18,1
DA:29,2
DA:30,2
DA:31,2
DA:32,1
DA:34,1
DA:41,1
DA:42,1
LF:9
LH:9
BRDA:31,0,0,1
BRDA:31,0,1,1
BRF:2
BRH:2
end_of_record
TN:
SF:src/repositories/FirestoreWorkoutRepo.ts
FN:14,(anonymous_0)
FN:28,(anonymous_1)
FN:46,(anonymous_2)
FN:59,(anonymous_3)
FN:66,(anonymous_4)
FNF:5
FNH:5
FNDA:1,(anonymous_0)
FNDA:2,(anonymous_1)
FNDA:1,(anonymous_2)
FNDA:1,(anonymous_3)
FNDA:1,(anonymous_4)
DA:15,1
DA:16,1
DA:29,2
DA:30,2
DA:36,2
DA:37,1
DA:39,1
DA:47,1
DA:48,1
DA:55,1
DA:56,0
DA:58,1
DA:59,1
DA:67,1
DA:68,1
LF:15
LH:14
BRDA:36,0,0,1
BRDA:36,0,1,1
BRDA:46,1,0,0
BRDA:55,2,0,0
BRDA:55,2,1,1
BRF:5
BRH:3
end_of_record
TN:
SF:src/repositories/LocalOnboardingProfileRepo.ts
FN:18,(anonymous_0)
FN:26,(anonymous_1)
FNF:2
FNH:2
FNDA:1,(anonymous_0)
FNDA:2,(anonymous_1)
DA:10,2
DA:19,1
DA:27,2
DA:28,2
DA:29,1
DA:31,1
LF:6
LH:6
BRDA:28,0,0,1
BRDA:28,0,1,1
BRF:2
BRH:2
end_of_record
TN:
SF:src/repositories/LocalReadinessRepo.ts
FN:18,(anonymous_0)
FN:20,(anonymous_1)
FN:29,(anonymous_2)
FN:31,(anonymous_3)
FN:38,(anonymous_4)
FN:40,(anonymous_5)
FN:44,(anonymous_6)
FNF:7
FNH:7
FNDA:2,(anonymous_0)
FNDA:2,(anonymous_1)
FNDA:2,(anonymous_2)
FNDA:2,(anonymous_3)
FNDA:3,(anonymous_4)
FNDA:2,(anonymous_5)
FNDA:7,(anonymous_6)
DA:11,2
DA:19,2
DA:20,2
DA:21,2
DA:22,2
DA:30,2
DA:31,2
DA:39,3
DA:40,3
DA:41,3
DA:45,7
DA:46,7
DA:47,1
DA:49,6
LF:14
LH:14
BRDA:31,0,0,2
BRDA:31,0,1,1
BRDA:38,1,0,2
BRDA:46,2,0,1
BRDA:46,2,1,6
BRF:5
BRH:5
end_of_record
TN:
SF:src/repositories/LocalSettingsRepo.ts
FN:16,(anonymous_0)
FN:24,(anonymous_1)
FNF:2
FNH:2
FNDA:1,(anonymous_0)
FNDA:2,(anonymous_1)
DA:10,2
DA:17,1
DA:25,2
DA:26,2
DA:27,1
DA:29,1
LF:6
LH:6
BRDA:26,0,0,1
BRDA:26,0,1,1
BRF:2
BRH:2
end_of_record
TN:
SF:src/repositories/LocalUserRepo.ts
FN:16,(anonymous_0)
FN:26,(anonymous_1)
FN:37,(anonymous_2)
FNF:3
FNH:3
FNDA:1,(anonymous_0)
FNDA:2,(anonymous_1)
FNDA:1,(anonymous_2)
DA:10,1
DA:17,1
DA:27,2
DA:28,2
DA:29,1
DA:31,1
DA:38,1
LF:7
LH:7
BRDA:28,0,0,1
BRDA:28,0,1,1
BRF:2
BRH:2
end_of_record
TN:
SF:src/repositories/LocalWorkoutRepo.ts
FN:17,(anonymous_0)
FN:19,(anonymous_1)
FN:28,(anonymous_2)
FN:30,(anonymous_3)
FN:37,(anonymous_4)
FN:39,(anonymous_5)
FN:46,(anonymous_6)
FN:48,(anonymous_7)
FN:52,(anonymous_8)
FNF:9
FNH:9
FNDA:2,(anonymous_0)
FNDA:1,(anonymous_1)
FNDA:2,(anonymous_2)
FNDA:2,(anonymous_3)
FNDA:3,(anonymous_4)
FNDA:2,(anonymous_5)
FNDA:1,(anonymous_6)
FNDA:2,(anonymous_7)
FNDA:8,(anonymous_8)
DA:10,2
DA:18,2
DA:19,2
DA:20,2
DA:21,2
DA:29,2
DA:30,2
DA:38,3
DA:39,3
DA:40,3
DA:47,1
DA:48,2
DA:49,1
DA:53,8
DA:54,8
DA:55,2
DA:57,6
LF:17
LH:17
BRDA:30,0,0,2
BRDA:30,0,1,1
BRDA:37,1,0,2
BRDA:54,2,0,2
BRDA:54,2,1,6
BRF:5
BRH:5
end_of_record
TN:
SF:src/repositories/OnboardingProfileRepo.ts
FN:34,getOnboardingProfileRepo
FNF:1
FNH:1
FNDA:2,getOnboardingProfileRepo
DA:35,2
LF:1
LH:1
BRDA:35,0,0,1
BRDA:35,0,1,1
BRF:2
BRH:2
end_of_record
TN:
SF:src/repositories/ReadinessRepo.ts
FN:35,getReadinessRepo
FNF:1
FNH:1
FNDA:2,getReadinessRepo
DA:36,2
LF:1
LH:1
BRDA:36,0,0,1
BRDA:36,0,1,1
BRF:2
BRH:2
end_of_record
TN:
SF:src/repositories/SettingsRepo.ts
FN:34,getSettingsRepo
FNF:1
FNH:1
FNDA:2,getSettingsRepo
DA:20,1
DA:35,2
LF:2
LH:2
BRDA:35,0,0,1
BRDA:35,0,1,1
BRF:2
BRH:2
end_of_record
TN:
SF:src/repositories/UserRepository.ts
FNF:0
FNH:0
LF:0
LH:0
BRF:0
BRH:0
end_of_record
TN:
SF:src/repositories/WorkoutRepo.ts
FN:34,getWorkoutRepo
FNF:1
FNH:1
FNDA:2,getWorkoutRepo
DA:35,2
LF:1
LH:1
BRDA:35,0,0,1
BRDA:35,0,1,1
BRF:2
BRH:2
end_of_record
TN:
SF:src/repositories/migration.ts
FN:26,migrateGuestDataToFirestore
FNF:1
FNH:1
FNDA:7,migrateGuestDataToFirestore
DA:13,1
DA:27,7
DA:28,7
DA:31,7
DA:33,7
DA:35,28
DA:36,22
DA:39,6
DA:41,6
DA:43,3
DA:44,3
DA:45,3
DA:49,1
DA:50,1
DA:51,1
DA:55,1
DA:56,1
DA:57,2
DA:62,2
DA:64,1
DA:68,1
DA:69,1
DA:70,1
DA:75,1
DA:77,1
DA:83,7
DA:86,6
LF:27
LH:27
BRDA:35,0,0,22
BRDA:35,0,1,6
BRDA:41,1,0,3
BRDA:41,1,1,1
BRDA:41,1,2,1
BRDA:41,1,3,1
BRF:6
BRH:6
end_of_record
TN:
SF:src/theme/colors.ts
FNF:0
FNH:0
DA:11,2
DA:14,2
DA:17,2
DA:22,2
DA:25,2
DA:28,2
DA:31,2
DA:34,2
DA:37,2
DA:40,2
DA:43,2
DA:48,2
DA:51,2
DA:54,2
DA:57,2
DA:60,2
DA:63,2
DA:66,2
DA:69,2
LF:19
LH:19
BRF:0
BRH:0
end_of_record
TN:
SF:src/theme/typography.ts
FNF:0
FNH:0
DA:12,1
DA:46,1
DA:71,1
DA:79,1
DA:96,1
LF:5
LH:5
BRF:0
BRH:0
end_of_record
